<?xml version="1.0" encoding="UTF-8"?>
<testsuite name="com.example.demo.Teeeee" tests="2" skipped="0" failures="1" errors="0" timestamp="2020-07-22T07:26:22" hostname="iMac.local" time="13.048">
  <properties/>
  <testcase name="initializationError" classname="com.example.demo.Teeeee" time="0.004">
    <failure message="java.lang.Exception: No runnable methods" type="java.lang.Exception">java.lang.Exception: No runnable methods
	at org.junit.runners.BlockJUnit4ClassRunner.validateInstanceMethods(BlockJUnit4ClassRunner.java:191)
	at org.junit.runners.BlockJUnit4ClassRunner.collectInitializationErrors(BlockJUnit4ClassRunner.java:128)
	at org.junit.runners.ParentRunner.validate(ParentRunner.java:416)
	at org.junit.runners.ParentRunner.&lt;init&gt;(ParentRunner.java:84)
	at org.junit.runners.BlockJUnit4ClassRunner.&lt;init&gt;(BlockJUnit4ClassRunner.java:65)
	at org.springframework.test.context.junit4.SpringJUnit4ClassRunner.&lt;init&gt;(SpringJUnit4ClassRunner.java:137)
	at org.springframework.test.context.junit4.SpringRunner.&lt;init&gt;(SpringRunner.java:49)
	at java.base/jdk.internal.reflect.NativeConstructorAccessorImpl.newInstance0(Native Method)
	at java.base/jdk.internal.reflect.NativeConstructorAccessorImpl.newInstance(NativeConstructorAccessorImpl.java:62)
	at java.base/jdk.internal.reflect.DelegatingConstructorAccessorImpl.newInstance(DelegatingConstructorAccessorImpl.java:45)
	at java.base/java.lang.reflect.Constructor.newInstanceWithCaller(Constructor.java:500)
	at java.base/java.lang.reflect.Constructor.newInstance(Constructor.java:481)
	at org.junit.internal.builders.AnnotatedBuilder.buildRunner(AnnotatedBuilder.java:104)
	at org.junit.vintage.engine.discovery.DefensiveAllDefaultPossibilitiesBuilder$DefensiveAnnotatedBuilder.buildRunner(DefensiveAllDefaultPossibilitiesBuilder.java:113)
	at org.junit.internal.builders.AnnotatedBuilder.runnerForClass(AnnotatedBuilder.java:86)
	at org.junit.runners.model.RunnerBuilder.safeRunnerForClass(RunnerBuilder.java:59)
	at org.junit.internal.builders.AllDefaultPossibilitiesBuilder.runnerForClass(AllDefaultPossibilitiesBuilder.java:26)
	at org.junit.vintage.engine.discovery.DefensiveAllDefaultPossibilitiesBuilder.runnerForClass(DefensiveAllDefaultPossibilitiesBuilder.java:56)
	at org.junit.runners.model.RunnerBuilder.safeRunnerForClass(RunnerBuilder.java:59)
	at org.junit.vintage.engine.discovery.ClassSelectorResolver.resolveTestClass(ClassSelectorResolver.java:66)
	at org.junit.vintage.engine.discovery.ClassSelectorResolver.resolve(ClassSelectorResolver.java:47)
	at org.junit.platform.engine.support.discovery.EngineDiscoveryRequestResolution.lambda$resolve$2(EngineDiscoveryRequestResolution.java:129)
	at java.base/java.util.stream.ReferencePipeline$3$1.accept(ReferencePipeline.java:195)
	at java.base/java.util.ArrayList$ArrayListSpliterator.tryAdvance(ArrayList.java:1601)
	at java.base/java.util.stream.ReferencePipeline.forEachWithCancel(ReferencePipeline.java:127)
	at java.base/java.util.stream.AbstractPipeline.copyIntoWithCancel(AbstractPipeline.java:502)
	at java.base/java.util.stream.AbstractPipeline.copyInto(AbstractPipeline.java:488)
	at java.base/java.util.stream.AbstractPipeline.wrapAndCopyInto(AbstractPipeline.java:474)
	at java.base/java.util.stream.FindOps$FindOp.evaluateSequential(FindOps.java:150)
	at java.base/java.util.stream.AbstractPipeline.evaluate(AbstractPipeline.java:234)
	at java.base/java.util.stream.ReferencePipeline.findFirst(ReferencePipeline.java:543)
	at org.junit.platform.engine.support.discovery.EngineDiscoveryRequestResolution.resolve(EngineDiscoveryRequestResolution.java:174)
	at org.junit.platform.engine.support.discovery.EngineDiscoveryRequestResolution.resolve(EngineDiscoveryRequestResolution.java:120)
	at org.junit.platform.engine.support.discovery.EngineDiscoveryRequestResolution.resolveCompletely(EngineDiscoveryRequestResolution.java:87)
	at org.junit.platform.engine.support.discovery.EngineDiscoveryRequestResolution.run(EngineDiscoveryRequestResolution.java:80)
	at org.junit.platform.engine.support.discovery.EngineDiscoveryRequestResolver.resolve(EngineDiscoveryRequestResolver.java:112)
	at org.junit.vintage.engine.discovery.VintageDiscoverer.discover(VintageDiscoverer.java:42)
	at org.junit.vintage.engine.VintageTestEngine.discover(VintageTestEngine.java:62)
	at org.junit.platform.launcher.core.DefaultLauncher.discoverEngineRoot(DefaultLauncher.java:168)
	at org.junit.platform.launcher.core.DefaultLauncher.discoverRoot(DefaultLauncher.java:155)
	at org.junit.platform.launcher.core.DefaultLauncher.execute(DefaultLauncher.java:128)
	at org.gradle.api.internal.tasks.testing.junitplatform.JUnitPlatformTestClassProcessor$CollectAllTestClassesExecutor.processAllTestClasses(JUnitPlatformTestClassProcessor.java:99)
	at org.gradle.api.internal.tasks.testing.junitplatform.JUnitPlatformTestClassProcessor$CollectAllTestClassesExecutor.access$000(JUnitPlatformTestClassProcessor.java:79)
	at org.gradle.api.internal.tasks.testing.junitplatform.JUnitPlatformTestClassProcessor.stop(JUnitPlatformTestClassProcessor.java:75)
	at org.gradle.api.internal.tasks.testing.SuiteTestClassProcessor.stop(SuiteTestClassProcessor.java:61)
	at java.base/jdk.internal.reflect.NativeMethodAccessorImpl.invoke0(Native Method)
	at java.base/jdk.internal.reflect.NativeMethodAccessorImpl.invoke(NativeMethodAccessorImpl.java:62)
	at java.base/jdk.internal.reflect.DelegatingMethodAccessorImpl.invoke(DelegatingMethodAccessorImpl.java:43)
	at java.base/java.lang.reflect.Method.invoke(Method.java:564)
	at org.gradle.internal.dispatch.ReflectionDispatch.dispatch(ReflectionDispatch.java:36)
	at org.gradle.internal.dispatch.ReflectionDispatch.dispatch(ReflectionDispatch.java:24)
	at org.gradle.internal.dispatch.ContextClassLoaderDispatch.dispatch(ContextClassLoaderDispatch.java:33)
	at org.gradle.internal.dispatch.ProxyDispatchAdapter$DispatchingInvocationHandler.invoke(ProxyDispatchAdapter.java:94)
	at com.sun.proxy.$Proxy2.stop(Unknown Source)
	at org.gradle.api.internal.tasks.testing.worker.TestWorker.stop(TestWorker.java:132)
	at java.base/jdk.internal.reflect.NativeMethodAccessorImpl.invoke0(Native Method)
	at java.base/jdk.internal.reflect.NativeMethodAccessorImpl.invoke(NativeMethodAccessorImpl.java:62)
	at java.base/jdk.internal.reflect.DelegatingMethodAccessorImpl.invoke(DelegatingMethodAccessorImpl.java:43)
	at java.base/java.lang.reflect.Method.invoke(Method.java:564)
	at org.gradle.internal.dispatch.ReflectionDispatch.dispatch(ReflectionDispatch.java:36)
	at org.gradle.internal.dispatch.ReflectionDispatch.dispatch(ReflectionDispatch.java:24)
	at org.gradle.internal.remote.internal.hub.MessageHubBackedObjectConnection$DispatchWrapper.dispatch(MessageHubBackedObjectConnection.java:182)
	at org.gradle.internal.remote.internal.hub.MessageHubBackedObjectConnection$DispatchWrapper.dispatch(MessageHubBackedObjectConnection.java:164)
	at org.gradle.internal.remote.internal.hub.MessageHub$Handler.run(MessageHub.java:412)
	at org.gradle.internal.concurrent.ExecutorPolicy$CatchAndRecordFailures.onExecute(ExecutorPolicy.java:64)
	at org.gradle.internal.concurrent.ManagedExecutorImpl$1.run(ManagedExecutorImpl.java:48)
	at java.base/java.util.concurrent.ThreadPoolExecutor.runWorker(ThreadPoolExecutor.java:1130)
	at java.base/java.util.concurrent.ThreadPoolExecutor$Worker.run(ThreadPoolExecutor.java:630)
	at org.gradle.internal.concurrent.ThreadFactoryImpl$ManagedThreadRunnable.run(ThreadFactoryImpl.java:56)
	at java.base/java.lang.Thread.run(Thread.java:832)
</failure>
  </testcase>
  <testcase name="testExample()" classname="com.example.demo.Teeeee" time="1.73"/>
  <system-out><![CDATA[15:26:23.009 [Test worker] DEBUG org.springframework.test.context.BootstrapUtils - Instantiating CacheAwareContextLoaderDelegate from class [org.springframework.test.context.cache.DefaultCacheAwareContextLoaderDelegate]
15:26:23.015 [Test worker] INFO org.springframework.core.KotlinDetector - Kotlin reflection implementation not found at runtime, related features won't be available.
15:26:23.021 [Test worker] DEBUG org.springframework.test.context.BootstrapUtils - Instantiating BootstrapContext using constructor [public org.springframework.test.context.support.DefaultBootstrapContext(java.lang.Class,org.springframework.test.context.CacheAwareContextLoaderDelegate)]
15:26:23.049 [Test worker] DEBUG org.springframework.test.context.BootstrapUtils - Instantiating TestContextBootstrapper for test class [com.example.demo.Teeeee] from class [org.springframework.boot.test.context.SpringBootTestContextBootstrapper]
15:26:23.069 [Test worker] INFO org.springframework.boot.test.context.SpringBootTestContextBootstrapper - Neither @ContextConfiguration nor @ContextHierarchy found for test class [com.example.demo.Teeeee], using SpringBootContextLoader
15:26:23.073 [Test worker] DEBUG org.springframework.test.context.support.AbstractContextLoader - Did not detect default resource location for test class [com.example.demo.Teeeee]: class path resource [com/example/demo/Teeeee-context.xml] does not exist
15:26:23.074 [Test worker] DEBUG org.springframework.test.context.support.AbstractContextLoader - Did not detect default resource location for test class [com.example.demo.Teeeee]: class path resource [com/example/demo/TeeeeeContext.groovy] does not exist
15:26:23.074 [Test worker] INFO org.springframework.test.context.support.AbstractContextLoader - Could not detect default resource locations for test class [com.example.demo.Teeeee]: no resource found for suffixes {-context.xml, Context.groovy}.
15:26:23.130 [Test worker] DEBUG org.springframework.test.context.support.ActiveProfilesUtils - Could not find an 'annotation declaring class' for annotation type [org.springframework.test.context.ActiveProfiles] and class [com.example.demo.Teeeee]
15:26:23.297 [Test worker] DEBUG org.springframework.boot.test.context.SpringBootTestContextBootstrapper - @TestExecutionListeners is not present for class [com.example.demo.Teeeee]: using defaults.
15:26:23.298 [Test worker] INFO org.springframework.boot.test.context.SpringBootTestContextBootstrapper - Loaded default TestExecutionListener class names from location [META-INF/spring.factories]: [org.springframework.boot.test.autoconfigure.restdocs.RestDocsTestExecutionListener, org.springframework.boot.test.autoconfigure.web.client.MockRestServiceServerResetTestExecutionListener, org.springframework.boot.test.autoconfigure.web.servlet.MockMvcPrintOnlyOnFailureTestExecutionListener, org.springframework.boot.test.autoconfigure.web.servlet.WebDriverTestExecutionListener, org.springframework.boot.test.mock.mockito.MockitoTestExecutionListener, org.springframework.boot.test.mock.mockito.ResetMocksTestExecutionListener, org.springframework.test.context.web.ServletTestExecutionListener, org.springframework.test.context.support.DirtiesContextBeforeModesTestExecutionListener, org.springframework.test.context.support.DependencyInjectionTestExecutionListener, org.springframework.test.context.support.DirtiesContextTestExecutionListener, org.springframework.test.context.transaction.TransactionalTestExecutionListener, org.springframework.test.context.jdbc.SqlScriptsTestExecutionListener, org.springframework.test.context.event.EventPublishingTestExecutionListener]
15:26:23.324 [Test worker] INFO org.springframework.boot.test.context.SpringBootTestContextBootstrapper - Using TestExecutionListeners: [org.springframework.test.context.web.ServletTestExecutionListener@40a2f95f, org.springframework.test.context.support.DirtiesContextBeforeModesTestExecutionListener@50483cf9, org.springframework.boot.test.mock.mockito.MockitoTestExecutionListener@3be082a9, org.springframework.boot.test.autoconfigure.SpringBootDependencyInjectionTestExecutionListener@5f8a1a1f, org.springframework.test.context.support.DirtiesContextTestExecutionListener@8b578b0, org.springframework.test.context.transaction.TransactionalTestExecutionListener@198b22ab, org.springframework.test.context.jdbc.SqlScriptsTestExecutionListener@26c10ef9, org.springframework.test.context.event.EventPublishingTestExecutionListener@2994b2dc, org.springframework.boot.test.autoconfigure.restdocs.RestDocsTestExecutionListener@a473fa6, org.springframework.boot.test.autoconfigure.web.client.MockRestServiceServerResetTestExecutionListener@4a19ca3f, org.springframework.boot.test.autoconfigure.web.servlet.MockMvcPrintOnlyOnFailureTestExecutionListener@6481b343, org.springframework.boot.test.autoconfigure.web.servlet.WebDriverTestExecutionListener@680fef5d, org.springframework.boot.test.mock.mockito.ResetMocksTestExecutionListener@5b0647f5]
15:26:23.328 [Test worker] DEBUG org.springframework.test.context.support.AbstractDirtiesContextTestExecutionListener - Before test class: context [DefaultTestContext@3a936445 testClass = Teeeee, testInstance = [null], testMethod = [null], testException = [null], mergedContextConfiguration = [WebMergedContextConfiguration@130266c7 testClass = Teeeee, locations = '{}', classes = '{class com.allstars.pudge.Application, class com.allstars.pudge.Application}', contextInitializerClasses = '[]', activeProfiles = '{}', propertySourceLocations = '{}', propertySourceProperties = '{org.springframework.boot.test.context.SpringBootTestContextBootstrapper=true}', contextCustomizers = set[org.springframework.boot.test.autoconfigure.properties.PropertyMappingContextCustomizer@0, org.springframework.boot.test.autoconfigure.web.servlet.WebDriverContextCustomizerFactory$Customizer@165ca9e1, org.springframework.boot.test.context.filter.ExcludeFilterContextCustomizer@cdefc61, org.springframework.boot.test.json.DuplicateJsonObjectContextCustomizerFactory$DuplicateJsonObjectContextCustomizer@c68b6d6, org.springframework.boot.test.mock.mockito.MockitoContextCustomizer@0, org.springframework.boot.test.web.client.TestRestTemplateContextCustomizer@33f6cabf], resourceBasePath = 'src/main/webapp', contextLoader = 'org.springframework.boot.test.context.SpringBootContextLoader', parent = [null]], attributes = map['org.springframework.test.context.web.ServletTestExecutionListener.activateListener' -> true]], class annotated with @DirtiesContext [false] with mode [null].
15:26:23.372 [Test worker] DEBUG org.springframework.test.context.support.TestPropertySourceUtils - Adding inlined properties to environment: {spring.jmx.enabled=false, org.springframework.boot.test.context.SpringBootTestContextBootstrapper=true, server.port=-1}
2020-07-22 15:26:30.220 DEBUG 6739 --- [    Test worker] .c.l.ClasspathLoggingApplicationListener : Application started with classpath: unknown

  .   ____          _            __ _ _
 /\\ / ___'_ __ _ _(_)_ __  __ _ \ \ \ \
( ( )\___ | '_ | '_| | '_ \/ _` | \ \ \ \
 \\/  ___)| |_)| | | | | || (_| |  ) ) ) )
  '  |____| .__|_| |_|_| |_\__, | / / / /
 =========|_|==============|___/=/_/_/_/
 :: Spring Boot ::        (v2.2.1.RELEASE)

2020-07-22 15:26:30.254  INFO 6739 --- [    Test worker] com.example.demo.Teeeee                  : The following profiles are active: dev,swagger
2020-07-22 15:26:30.254 DEBUG 6739 --- [    Test worker] o.s.boot.SpringApplication               : Loading source class com.allstars.pudge.Application,class org.springframework.cloud.bootstrap.BootstrapApplicationListener$BootstrapMarkerConfiguration
2020-07-22 15:26:30.263 DEBUG 6739 --- [    Test worker] o.s.b.c.c.ConfigFileApplicationListener  : Activated activeProfiles dev
2020-07-22 15:26:30.264 DEBUG 6739 --- [    Test worker] o.s.b.c.c.ConfigFileApplicationListener  : Loaded config file 'file:/Users/admin/Documents/workspace/private/pudge/build/resources/main/application.yml' (classpath:/application.yml)
2020-07-22 15:26:30.264 DEBUG 6739 --- [    Test worker] o.s.b.c.c.ConfigFileApplicationListener  : Profiles already activated, '[dev]' will not be applied
2020-07-22 15:26:30.265 DEBUG 6739 --- [    Test worker] o.s.b.c.c.ConfigFileApplicationListener  : Loaded config file 'file:/Users/admin/Documents/workspace/private/pudge/build/resources/main/application-dev.yml' (classpath:/application-dev.yml) for profile dev
2020-07-22 15:26:30.266 DEBUG 6739 --- [    Test worker] o.s.w.c.s.GenericWebApplicationContext   : Refreshing org.springframework.web.context.support.GenericWebApplicationContext@76e36b33
2020-07-22 15:26:30.276 DEBUG 6739 --- [    Test worker] o.s.b.f.s.DefaultListableBeanFactory     : Creating shared instance of singleton bean 'org.springframework.context.annotation.internalConfigurationAnnotationProcessor'
2020-07-22 15:26:30.277 DEBUG 6739 --- [    Test worker] o.s.b.f.s.DefaultListableBeanFactory     : Creating shared instance of singleton bean 'org.springframework.boot.autoconfigure.internalCachingMetadataReaderFactory'
2020-07-22 15:26:30.296 DEBUG 6739 --- [    Test worker] o.s.c.a.ClassPathBeanDefinitionScanner   : Identified candidate component class: file [/Users/admin/Documents/workspace/private/pudge/build/classes/java/main/com/allstars/pudge/client/UserFeignClientInterceptor.class]
2020-07-22 15:26:30.300 DEBUG 6739 --- [    Test worker] o.s.c.a.ClassPathBeanDefinitionScanner   : Identified candidate component class: file [/Users/admin/Documents/workspace/private/pudge/build/classes/java/main/com/allstars/pudge/config/AsyncConfiguration.class]
2020-07-22 15:26:30.302 DEBUG 6739 --- [    Test worker] o.s.c.a.ClassPathBeanDefinitionScanner   : Identified candidate component class: file [/Users/admin/Documents/workspace/private/pudge/build/classes/java/main/com/allstars/pudge/config/DatabaseConfiguration.class]
2020-07-22 15:26:30.303 DEBUG 6739 --- [    Test worker] o.s.c.a.ClassPathBeanDefinitionScanner   : Identified candidate component class: file [/Users/admin/Documents/workspace/private/pudge/build/classes/java/main/com/allstars/pudge/config/DateTimeFormatConfiguration.class]
2020-07-22 15:26:30.307 DEBUG 6739 --- [    Test worker] o.s.c.a.ClassPathBeanDefinitionScanner   : Identified candidate component class: file [/Users/admin/Documents/workspace/private/pudge/build/classes/java/main/com/allstars/pudge/config/FeignConfiguration.class]
2020-07-22 15:26:30.307 DEBUG 6739 --- [    Test worker] o.s.c.a.ClassPathBeanDefinitionScanner   : Identified candidate component class: file [/Users/admin/Documents/workspace/private/pudge/build/classes/java/main/com/allstars/pudge/config/WebConfigurer.class]
2020-07-22 15:26:30.309 DEBUG 6739 --- [    Test worker] o.s.c.a.ClassPathBeanDefinitionScanner   : Identified candidate component class: file [/Users/admin/Documents/workspace/private/pudge/build/classes/java/main/com/allstars/pudge/service/HuobiImpl.class]
2020-07-22 15:26:30.311 DEBUG 6739 --- [    Test worker] o.s.c.a.ClassPathBeanDefinitionScanner   : Identified candidate component class: file [/Users/admin/Documents/workspace/private/pudge/build/classes/java/main/com/allstars/pudge/utils/OkHttpClientUtil.class]
2020-07-22 15:26:30.461 DEBUG 6739 --- [    Test worker] o.s.c.e.PropertySourcesPropertyResolver  : Found key 'spring.messages.basename' in PropertySource 'configurationProperties' with value of type String
2020-07-22 15:26:30.540 DEBUG 6739 --- [    Test worker] o.s.c.e.PropertySourcesPropertyResolver  : Found key 'spring.jmx.enabled' in PropertySource 'configurationProperties' with value of type String
2020-07-22 15:26:30.638 DEBUG 6739 --- [    Test worker] o.s.c.e.PropertySourcesPropertyResolver  : Found key 'spring.data.jpa.repositories.bootstrap-mode' in PropertySource 'configurationProperties' with value of type String
2020-07-22 15:26:30.769 DEBUG 6739 --- [    Test worker] o.s.c.e.PropertySourcesPropertyResolver  : Found key 'feign.hystrix.enabled' in PropertySource 'configurationProperties' with value of type Boolean
2020-07-22 15:26:30.966  INFO 6739 --- [    Test worker] .s.d.r.c.RepositoryConfigurationDelegate : Multiple Spring Data modules found, entering strict repository configuration mode!
2020-07-22 15:26:30.971  INFO 6739 --- [    Test worker] .s.d.r.c.RepositoryConfigurationDelegate : Bootstrapping Spring Data repositories in DEFAULT mode.
2020-07-22 15:26:30.990 DEBUG 6739 --- [    Test worker] o.s.b.f.s.DefaultListableBeanFactory     : Creating shared instance of singleton bean 'org.springframework.boot.autoconfigure.AutoConfigurationPackages'
2020-07-22 15:26:30.995 DEBUG 6739 --- [    Test worker] o.s.b.a.AutoConfigurationPackages        : @EnableAutoConfiguration was declared on a class in the package 'com.allstars.pudge'. Automatic @Repository and @Entity scanning is enabled.
2020-07-22 15:26:30.997 DEBUG 6739 --- [    Test worker] .s.d.r.c.RepositoryConfigurationDelegate : Scanning for repositories in packages com.allstars.pudge.
2020-07-22 15:26:31.010  INFO 6739 --- [    Test worker] .s.d.r.c.RepositoryConfigurationDelegate : Finished Spring Data repository scanning in 13ms. Found 0 repository interfaces.
2020-07-22 15:26:31.150 DEBUG 6739 --- [    Test worker] o.s.b.f.s.DefaultListableBeanFactory     : Creating shared instance of singleton bean 'refreshScope'
2020-07-22 15:26:31.153 DEBUG 6739 --- [    Test worker] o.s.b.f.s.DefaultListableBeanFactory     : Creating shared instance of singleton bean 'org.springframework.cloud.autoconfigure.RefreshAutoConfiguration$RefreshScopeBeanDefinitionEnhancer'
2020-07-22 15:26:31.267 DEBUG 6739 --- [    Test worker] o.s.cloud.context.scope.GenericScope     : Generating bean factory id from names: [application, asyncConfiguration, basicErrorController, beanNameHandlerMapping, beanNameViewResolver, characterEncodingFilter, compositeCompatibilityVerifier, compositeDiscoveryClient, configurableEnvironmentConfiguration, configurationPropertiesBeans, configurationPropertiesRebinder, connPoolFactory, contextRefresher, conventionErrorViewResolver, databaseConfiguration, dateTimeFormatConfiguration, default.com.allstars.pudge.config.FeignConfiguration.FeignClientSpecification, defaultServletHandlerMapping, defaultValidator, defaultViewResolver, dispatcherServlet, dispatcherServletRegistration, environmentManager, error, errorAttributes, errorPageCustomizer, errorPageRegistrarBeanPostProcessor, feign.client-org.springframework.cloud.openfeign.FeignClientProperties, feign.httpclient-org.springframework.cloud.openfeign.support.FeignHttpClientProperties, feignBuilder, feignConfiguration, feignContext, feignContract, feignConversionService, feignDecoder, feignEncoderPageable, feignFeature, feignLoggerFactory, feignLoggerLevel, feignRetryer, feignTargeter, formContentFilter, handlerExceptionResolver, handlerFunctionAdapter, httpRequestHandlerAdapter, huobiImpl, inetUtils, inetUtilsProperties, jacksonGeoModule, jacksonObjectMapper, jacksonObjectMapperBuilder, jsonComponentModule, keyValueMappingContext, lettuceClientResources, localeCharsetMappingsCustomizer, loggingRebinder, mappingJackson2HttpMessageConverter, messageConverters, methodValidationPostProcessor, multipartConfigElement, multipartResolver, mvcContentNegotiationManager, mvcConversionService, mvcHandlerMappingIntrospector, mvcPathMatcher, mvcResourceUrlProvider, mvcUriComponentsContributor, mvcUrlPathHelper, mvcValidator, mvcViewResolver, okHttpClient, okHttpClientBuilder, okHttpClientFactory, okHttpClientUtil, org.springframework.aop.config.internalAutoProxyCreator, org.springframework.boot.autoconfigure.AutoConfigurationPackages, org.springframework.boot.autoconfigure.aop.AopAutoConfiguration, org.springframework.boot.autoconfigure.aop.AopAutoConfiguration$AspectJAutoProxyingConfiguration, org.springframework.boot.autoconfigure.aop.AopAutoConfiguration$AspectJAutoProxyingConfiguration$CglibAutoProxyConfiguration, org.springframework.boot.autoconfigure.context.ConfigurationPropertiesAutoConfiguration, org.springframework.boot.autoconfigure.context.PropertyPlaceholderAutoConfiguration, org.springframework.boot.autoconfigure.dao.PersistenceExceptionTranslationAutoConfiguration, org.springframework.boot.autoconfigure.data.redis.LettuceConnectionConfiguration, org.springframework.boot.autoconfigure.data.redis.RedisAutoConfiguration, org.springframework.boot.autoconfigure.data.redis.RedisReactiveAutoConfiguration, org.springframework.boot.autoconfigure.data.redis.RedisRepositoriesAutoConfiguration, org.springframework.boot.autoconfigure.data.web.SpringDataWebAutoConfiguration, org.springframework.boot.autoconfigure.http.HttpMessageConvertersAutoConfiguration, org.springframework.boot.autoconfigure.http.HttpMessageConvertersAutoConfiguration$StringHttpMessageConverterConfiguration, org.springframework.boot.autoconfigure.http.JacksonHttpMessageConvertersConfiguration, org.springframework.boot.autoconfigure.http.JacksonHttpMessageConvertersConfiguration$MappingJackson2HttpMessageConverterConfiguration, org.springframework.boot.autoconfigure.info.ProjectInfoAutoConfiguration, org.springframework.boot.autoconfigure.internalCachingMetadataReaderFactory, org.springframework.boot.autoconfigure.jackson.JacksonAutoConfiguration, org.springframework.boot.autoconfigure.jackson.JacksonAutoConfiguration$Jackson2ObjectMapperBuilderCustomizerConfiguration, org.springframework.boot.autoconfigure.jackson.JacksonAutoConfiguration$JacksonObjectMapperBuilderConfiguration, org.springframework.boot.autoconfigure.jackson.JacksonAutoConfiguration$JacksonObjectMapperConfiguration, org.springframework.boot.autoconfigure.jackson.JacksonAutoConfiguration$ParameterNamesModuleConfiguration, org.springframework.boot.autoconfigure.jdbc.DataSourceTransactionManagerAutoConfiguration, org.springframework.boot.autoconfigure.security.oauth2.resource.servlet.OAuth2ResourceServerAutoConfiguration, org.springframework.boot.autoconfigure.task.TaskExecutionAutoConfiguration, org.springframework.boot.autoconfigure.task.TaskSchedulingAutoConfiguration, org.springframework.boot.autoconfigure.transaction.TransactionAutoConfiguration, org.springframework.boot.autoconfigure.transaction.jta.JtaAutoConfiguration, org.springframework.boot.autoconfigure.validation.ValidationAutoConfiguration, org.springframework.boot.autoconfigure.web.client.RestTemplateAutoConfiguration, org.springframework.boot.autoconfigure.web.embedded.EmbeddedWebServerFactoryCustomizerAutoConfiguration, org.springframework.boot.autoconfigure.web.embedded.EmbeddedWebServerFactoryCustomizerAutoConfiguration$TomcatWebServerFactoryCustomizerConfiguration, org.springframework.boot.autoconfigure.web.servlet.DispatcherServletAutoConfiguration, org.springframework.boot.autoconfigure.web.servlet.DispatcherServletAutoConfiguration$DispatcherServletConfiguration, org.springframework.boot.autoconfigure.web.servlet.DispatcherServletAutoConfiguration$DispatcherServletRegistrationConfiguration, org.springframework.boot.autoconfigure.web.servlet.HttpEncodingAutoConfiguration, org.springframework.boot.autoconfigure.web.servlet.MultipartAutoConfiguration, org.springframework.boot.autoconfigure.web.servlet.ServletWebServerFactoryAutoConfiguration, org.springframework.boot.autoconfigure.web.servlet.ServletWebServerFactoryConfiguration$EmbeddedTomcat, org.springframework.boot.autoconfigure.web.servlet.WebMvcAutoConfiguration, org.springframework.boot.autoconfigure.web.servlet.WebMvcAutoConfiguration$EnableWebMvcConfiguration, org.springframework.boot.autoconfigure.web.servlet.WebMvcAutoConfiguration$WebMvcAutoConfigurationAdapter, org.springframework.boot.autoconfigure.web.servlet.error.ErrorMvcAutoConfiguration, org.springframework.boot.autoconfigure.web.servlet.error.ErrorMvcAutoConfiguration$DefaultErrorViewResolverConfiguration, org.springframework.boot.autoconfigure.web.servlet.error.ErrorMvcAutoConfiguration$WhitelabelErrorViewConfiguration, org.springframework.boot.autoconfigure.websocket.servlet.WebSocketServletAutoConfiguration, org.springframework.boot.autoconfigure.websocket.servlet.WebSocketServletAutoConfiguration$TomcatWebSocketConfiguration, org.springframework.boot.context.internalConfigurationPropertiesBinder, org.springframework.boot.context.internalConfigurationPropertiesBinderFactory, org.springframework.boot.context.properties.ConfigurationBeanFactoryMetadata, org.springframework.boot.context.properties.ConfigurationPropertiesBeanDefinitionValidator, org.springframework.boot.context.properties.ConfigurationPropertiesBindingPostProcessor, org.springframework.boot.test.mock.mockito.MockitoPostProcessor, org.springframework.boot.test.mock.mockito.MockitoPostProcessor$SpyPostProcessor, org.springframework.cloud.autoconfigure.ConfigurationPropertiesRebinderAutoConfiguration, org.springframework.cloud.autoconfigure.LifecycleMvcEndpointAutoConfiguration, org.springframework.cloud.autoconfigure.RefreshAutoConfiguration, org.springframework.cloud.autoconfigure.RefreshAutoConfiguration$JpaInvokerConfiguration, org.springframework.cloud.autoconfigure.RefreshAutoConfiguration$RefreshScopeBeanDefinitionEnhancer, org.springframework.cloud.client.CommonsClientAutoConfiguration, org.springframework.cloud.client.ReactiveCommonsClientAutoConfiguration, org.springframework.cloud.client.discovery.composite.CompositeDiscoveryClientAutoConfiguration, org.springframework.cloud.client.discovery.simple.SimpleDiscoveryClientAutoConfiguration, org.springframework.cloud.client.serviceregistry.AutoServiceRegistrationAutoConfiguration, org.springframework.cloud.client.serviceregistry.AutoServiceRegistrationConfiguration, org.springframework.cloud.client.serviceregistry.ServiceRegistryAutoConfiguration, org.springframework.cloud.commons.httpclient.HttpClientConfiguration, org.springframework.cloud.commons.httpclient.HttpClientConfiguration$OkHttpClientConfiguration, org.springframework.cloud.commons.util.UtilAutoConfiguration, org.springframework.cloud.configuration.CompatibilityVerifierAutoConfiguration, org.springframework.cloud.netflix.archaius.ArchaiusAutoConfiguration, org.springframework.cloud.netflix.archaius.ArchaiusAutoConfiguration$PropagateEventsConfiguration, org.springframework.cloud.openfeign.FeignAutoConfiguration, org.springframework.cloud.openfeign.FeignAutoConfiguration$HystrixFeignTargeterConfiguration, org.springframework.cloud.openfeign.FeignClientsConfiguration, org.springframework.cloud.openfeign.FeignClientsConfiguration$HystrixFeignConfiguration, org.springframework.context.annotation.internalAsyncAnnotationProcessor, org.springframework.context.annotation.internalAutowiredAnnotationProcessor, org.springframework.context.annotation.internalCommonAnnotationProcessor, org.springframework.context.annotation.internalConfigurationAnnotationProcessor, org.springframework.context.annotation.internalPersistenceAnnotationProcessor, org.springframework.context.annotation.internalScheduledAnnotationProcessor, org.springframework.context.event.internalEventListenerFactory, org.springframework.context.event.internalEventListenerProcessor, org.springframework.data.web.config.ProjectingArgumentResolverRegistrar, org.springframework.data.web.config.SpringDataJacksonConfiguration, org.springframework.data.web.config.SpringDataWebConfiguration, org.springframework.scheduling.annotation.ProxyAsyncConfiguration, org.springframework.scheduling.annotation.SchedulingConfiguration, org.springframework.transaction.annotation.ProxyTransactionManagementConfiguration, org.springframework.transaction.config.internalTransactionAdvisor, org.springframework.transaction.config.internalTransactionalEventListenerFactory, pageJacksonModule, pageableCustomizer, pageableResolver, parameterNamesModule, persistenceExceptionTranslationPostProcessor, platformTransactionManagerCustomizers, preserveErrorControllerTargetClassPostProcessor, projectingArgumentResolverBeanPostProcessor, propertySourcesPlaceholderConfigurer, reactiveRedisTemplate, reactiveStringRedisTemplate, redisConnectionFactory, redisConverter, redisCustomConversions, redisKeyValueAdapter, redisKeyValueTemplate, redisReferenceResolver, redisTemplate, refreshEventListener, refreshScope, requestContextFilter, requestMappingHandlerAdapter, requestMappingHandlerMapping, resourceHandlerMapping, restTemplateBuilder, routerFunctionMapping, server-org.springframework.boot.autoconfigure.web.ServerProperties, servletWebServerFactoryCustomizer, simpleControllerHandlerAdapter, simpleDiscoveryClient, simpleDiscoveryProperties, sortCustomizer, sortResolver, spring.cloud.compatibility-verifier-org.springframework.cloud.configuration.CompatibilityVerifierProperties, spring.cloud.service-registry.auto-registration-org.springframework.cloud.client.serviceregistry.AutoServiceRegistrationProperties, spring.data.web-org.springframework.boot.autoconfigure.data.web.SpringDataWebProperties, spring.datasource-org.springframework.boot.autoconfigure.jdbc.DataSourceProperties, spring.http-org.springframework.boot.autoconfigure.http.HttpProperties, spring.info-org.springframework.boot.autoconfigure.info.ProjectInfoProperties, spring.jackson-org.springframework.boot.autoconfigure.jackson.JacksonProperties, spring.mvc-org.springframework.boot.autoconfigure.web.servlet.WebMvcProperties, spring.redis-org.springframework.boot.autoconfigure.data.redis.RedisProperties, spring.resources-org.springframework.boot.autoconfigure.web.ResourceProperties, spring.security.oauth2.resourceserver-org.springframework.boot.autoconfigure.security.oauth2.resource.OAuth2ResourceServerProperties, spring.servlet.multipart-org.springframework.boot.autoconfigure.web.servlet.MultipartProperties, spring.task.execution-org.springframework.boot.autoconfigure.task.TaskExecutionProperties, spring.task.scheduling-org.springframework.boot.autoconfigure.task.TaskSchedulingProperties, spring.transaction-org.springframework.boot.autoconfigure.transaction.TransactionProperties, springBootVersionVerifier, standardJacksonObjectMapperBuilderCustomizer, stringHttpMessageConverter, stringRedisTemplate, taskExecutor, taskExecutorBuilder, taskScheduler, taskSchedulerBuilder, tomcatServletWebServerFactory, tomcatServletWebServerFactoryCustomizer, tomcatWebServerFactoryCustomizer, transactionAttributeSource, transactionInterceptor, userFeignClientInterceptor, viewControllerHandlerMapping, viewResolver, webConfigurer, webServerFactoryCustomizerBeanPostProcessor, websocketServletWebServerCustomizer, welcomePageHandlerMapping]
2020-07-22 15:26:31.271  INFO 6739 --- [    Test worker] o.s.cloud.context.scope.GenericScope     : BeanFactory id=5cb65135-845b-3a81-a703-458177da712d
2020-07-22 15:26:31.272 DEBUG 6739 --- [    Test worker] o.s.b.f.s.DefaultListableBeanFactory     : Creating shared instance of singleton bean 'propertySourcesPlaceholderConfigurer'
2020-07-22 15:26:31.274 DEBUG 6739 --- [    Test worker] o.s.b.f.s.DefaultListableBeanFactory     : Creating shared instance of singleton bean 'org.springframework.boot.test.mock.mockito.MockitoPostProcessor'
2020-07-22 15:26:31.276 DEBUG 6739 --- [    Test worker] o.s.b.f.s.DefaultListableBeanFactory     : Creating shared instance of singleton bean 'org.springframework.boot.context.properties.ConfigurationPropertiesBeanDefinitionValidator'
2020-07-22 15:26:31.406 DEBUG 6739 --- [    Test worker] o.s.b.f.s.DefaultListableBeanFactory     : Creating shared instance of singleton bean 'org.springframework.context.event.internalEventListenerProcessor'
2020-07-22 15:26:31.407 DEBUG 6739 --- [    Test worker] o.s.b.f.s.DefaultListableBeanFactory     : Creating shared instance of singleton bean 'preserveErrorControllerTargetClassPostProcessor'
2020-07-22 15:26:31.410 DEBUG 6739 --- [    Test worker] o.s.b.f.s.DefaultListableBeanFactory     : Creating shared instance of singleton bean 'org.springframework.context.event.internalEventListenerFactory'
2020-07-22 15:26:31.411 DEBUG 6739 --- [    Test worker] o.s.b.f.s.DefaultListableBeanFactory     : Creating shared instance of singleton bean 'org.springframework.transaction.config.internalTransactionalEventListenerFactory'
2020-07-22 15:26:31.415 DEBUG 6739 --- [    Test worker] o.s.b.f.s.DefaultListableBeanFactory     : Creating shared instance of singleton bean 'org.springframework.boot.test.mock.mockito.MockitoPostProcessor$SpyPostProcessor'
2020-07-22 15:26:31.417 DEBUG 6739 --- [    Test worker] o.s.b.f.s.DefaultListableBeanFactory     : Creating shared instance of singleton bean 'org.springframework.context.annotation.internalAutowiredAnnotationProcessor'
2020-07-22 15:26:31.418 DEBUG 6739 --- [    Test worker] o.s.b.f.s.DefaultListableBeanFactory     : Creating shared instance of singleton bean 'org.springframework.context.annotation.internalCommonAnnotationProcessor'
2020-07-22 15:26:31.419 DEBUG 6739 --- [    Test worker] o.s.b.f.s.DefaultListableBeanFactory     : Creating shared instance of singleton bean 'org.springframework.context.annotation.internalPersistenceAnnotationProcessor'
2020-07-22 15:26:31.419 DEBUG 6739 --- [    Test worker] o.s.b.f.s.DefaultListableBeanFactory     : Creating shared instance of singleton bean 'org.springframework.boot.context.properties.ConfigurationPropertiesBindingPostProcessor'
2020-07-22 15:26:31.419 DEBUG 6739 --- [    Test worker] o.s.b.f.s.DefaultListableBeanFactory     : Creating shared instance of singleton bean 'org.springframework.boot.context.internalConfigurationPropertiesBinder'
2020-07-22 15:26:31.420 DEBUG 6739 --- [    Test worker] o.s.b.f.s.DefaultListableBeanFactory     : Creating shared instance of singleton bean 'org.springframework.boot.context.internalConfigurationPropertiesBinderFactory'
2020-07-22 15:26:31.421 DEBUG 6739 --- [    Test worker] o.s.b.f.s.DefaultListableBeanFactory     : Creating shared instance of singleton bean 'org.springframework.context.annotation.internalAsyncAnnotationProcessor'
2020-07-22 15:26:31.422 DEBUG 6739 --- [    Test worker] o.s.b.f.s.DefaultListableBeanFactory     : Creating shared instance of singleton bean 'org.springframework.scheduling.annotation.ProxyAsyncConfiguration'
2020-07-22 15:26:31.432 DEBUG 6739 --- [    Test worker] o.s.b.f.s.DefaultListableBeanFactory     : Creating shared instance of singleton bean 'asyncConfiguration'
2020-07-22 15:26:31.433 DEBUG 6739 --- [    Test worker] ocalVariableTableParameterNameDiscoverer : Cannot find '.class' file for class [class com.allstars.pudge.config.AsyncConfiguration$$EnhancerBySpringCGLIB$$b1fe09dd] - unable to determine constructor/method parameter names
2020-07-22 15:26:31.434 DEBUG 6739 --- [    Test worker] o.s.b.f.s.DefaultListableBeanFactory     : Creating shared instance of singleton bean 'spring.task.execution-org.springframework.boot.autoconfigure.task.TaskExecutionProperties'
2020-07-22 15:26:31.441  INFO 6739 --- [    Test worker] trationDelegate$BeanPostProcessorChecker : Bean 'spring.task.execution-org.springframework.boot.autoconfigure.task.TaskExecutionProperties' of type [org.springframework.boot.autoconfigure.task.TaskExecutionProperties] is not eligible for getting processed by all BeanPostProcessors (for example: not eligible for auto-proxying)
2020-07-22 15:26:31.441 DEBUG 6739 --- [    Test worker] o.s.b.f.s.DefaultListableBeanFactory     : Autowiring by type from bean name 'asyncConfiguration' via constructor to bean named 'spring.task.execution-org.springframework.boot.autoconfigure.task.TaskExecutionProperties'
2020-07-22 15:26:31.447  INFO 6739 --- [    Test worker] trationDelegate$BeanPostProcessorChecker : Bean 'asyncConfiguration' of type [com.allstars.pudge.config.AsyncConfiguration$$EnhancerBySpringCGLIB$$b1fe09dd] is not eligible for getting processed by all BeanPostProcessors (for example: not eligible for auto-proxying)
2020-07-22 15:26:31.477 DEBUG 6739 --- [    Test worker] o.s.b.f.s.DefaultListableBeanFactory     : Creating shared instance of singleton bean 'org.springframework.context.annotation.internalScheduledAnnotationProcessor'
2020-07-22 15:26:31.478 DEBUG 6739 --- [    Test worker] o.s.b.f.s.DefaultListableBeanFactory     : Creating shared instance of singleton bean 'org.springframework.scheduling.annotation.SchedulingConfiguration'
2020-07-22 15:26:31.496 DEBUG 6739 --- [    Test worker] o.s.b.f.s.DefaultListableBeanFactory     : Creating shared instance of singleton bean 'org.springframework.aop.config.internalAutoProxyCreator'
2020-07-22 15:26:31.521 DEBUG 6739 --- [    Test worker] o.s.b.f.s.DefaultListableBeanFactory     : Creating shared instance of singleton bean 'methodValidationPostProcessor'
2020-07-22 15:26:31.540 DEBUG 6739 --- [    Test worker] o.s.b.f.s.DefaultListableBeanFactory     : Autowiring by type from bean name 'methodValidationPostProcessor' via factory method to bean named 'environment'
2020-07-22 15:26:31.549 DEBUG 6739 --- [    Test worker] o.s.b.f.s.DefaultListableBeanFactory     : Creating shared instance of singleton bean 'persistenceExceptionTranslationPostProcessor'
2020-07-22 15:26:31.550 DEBUG 6739 --- [    Test worker] o.s.b.f.s.DefaultListableBeanFactory     : Autowiring by type from bean name 'persistenceExceptionTranslationPostProcessor' via factory method to bean named 'environment'
2020-07-22 15:26:31.559 DEBUG 6739 --- [    Test worker] o.s.b.f.s.DefaultListableBeanFactory     : Creating shared instance of singleton bean 'webServerFactoryCustomizerBeanPostProcessor'
2020-07-22 15:26:31.565 DEBUG 6739 --- [    Test worker] o.s.b.f.s.DefaultListableBeanFactory     : Creating shared instance of singleton bean 'errorPageRegistrarBeanPostProcessor'
2020-07-22 15:26:31.568 DEBUG 6739 --- [    Test worker] o.s.b.f.s.DefaultListableBeanFactory     : Creating shared instance of singleton bean 'projectingArgumentResolverBeanPostProcessor'
2020-07-22 15:26:31.569 DEBUG 6739 --- [    Test worker] o.s.b.f.s.DefaultListableBeanFactory     : Creating shared instance of singleton bean 'org.springframework.transaction.config.internalTransactionAdvisor'
2020-07-22 15:26:31.569 DEBUG 6739 --- [    Test worker] o.s.b.f.s.DefaultListableBeanFactory     : Creating shared instance of singleton bean 'org.springframework.transaction.annotation.ProxyTransactionManagementConfiguration'
2020-07-22 15:26:31.578  INFO 6739 --- [    Test worker] trationDelegate$BeanPostProcessorChecker : Bean 'org.springframework.transaction.annotation.ProxyTransactionManagementConfiguration' of type [org.springframework.transaction.annotation.ProxyTransactionManagementConfiguration] is not eligible for getting processed by all BeanPostProcessors (for example: not eligible for auto-proxying)
2020-07-22 15:26:31.584 DEBUG 6739 --- [    Test worker] o.s.b.f.s.DefaultListableBeanFactory     : Creating shared instance of singleton bean 'transactionAttributeSource'
2020-07-22 15:26:31.588 DEBUG 6739 --- [    Test worker] o.s.b.f.s.DefaultListableBeanFactory     : Creating shared instance of singleton bean 'transactionInterceptor'
2020-07-22 15:26:31.589 DEBUG 6739 --- [    Test worker] o.s.b.f.s.DefaultListableBeanFactory     : Autowiring by type from bean name 'transactionInterceptor' via factory method to bean named 'transactionAttributeSource'
2020-07-22 15:26:31.770 DEBUG 6739 --- [    Test worker] o.s.b.f.s.DefaultListableBeanFactory     : Autowiring by type from bean name 'org.springframework.transaction.config.internalTransactionAdvisor' via factory method to bean named 'transactionAttributeSource'
2020-07-22 15:26:31.770 DEBUG 6739 --- [    Test worker] o.s.b.f.s.DefaultListableBeanFactory     : Autowiring by type from bean name 'org.springframework.transaction.config.internalTransactionAdvisor' via factory method to bean named 'transactionInterceptor'
2020-07-22 15:26:31.802 DEBUG 6739 --- [    Test worker] o.s.b.f.s.DefaultListableBeanFactory     : Creating shared instance of singleton bean 'configurationPropertiesBeans'
2020-07-22 15:26:31.809 DEBUG 6739 --- [    Test worker] o.s.u.c.s.UiApplicationContextUtils      : Unable to locate ThemeSource with name 'themeSource': using default [org.springframework.ui.context.support.ResourceBundleThemeSource@3d481363]
2020-07-22 15:26:31.811 DEBUG 6739 --- [    Test worker] o.s.b.f.s.DefaultListableBeanFactory     : Creating shared instance of singleton bean 'org.springframework.cloud.autoconfigure.RefreshAutoConfiguration$JpaInvokerConfiguration'
2020-07-22 15:26:31.817 DEBUG 6739 --- [    Test worker] o.s.b.f.s.DefaultListableBeanFactory     : Creating shared instance of singleton bean 'application'
2020-07-22 15:26:31.820 DEBUG 6739 --- [    Test worker] o.s.b.f.s.DefaultListableBeanFactory     : Creating shared instance of singleton bean 'userFeignClientInterceptor'
2020-07-22 15:26:31.824 DEBUG 6739 --- [    Test worker] o.s.b.f.s.DefaultListableBeanFactory     : Creating shared instance of singleton bean 'databaseConfiguration'
2020-07-22 15:26:31.828 DEBUG 6739 --- [    Test worker] o.s.b.f.s.DefaultListableBeanFactory     : Creating shared instance of singleton bean 'dateTimeFormatConfiguration'
2020-07-22 15:26:31.833 DEBUG 6739 --- [    Test worker] o.s.b.f.s.DefaultListableBeanFactory     : Creating shared instance of singleton bean 'feignConfiguration'
2020-07-22 15:26:31.837 DEBUG 6739 --- [    Test worker] o.s.b.f.s.DefaultListableBeanFactory     : Creating shared instance of singleton bean 'webConfigurer'
2020-07-22 15:26:31.838 DEBUG 6739 --- [    Test worker] ocalVariableTableParameterNameDiscoverer : Cannot find '.class' file for class [class com.allstars.pudge.config.WebConfigurer$$EnhancerBySpringCGLIB$$411240cf] - unable to determine constructor/method parameter names
2020-07-22 15:26:31.839 DEBUG 6739 --- [    Test worker] o.s.b.f.s.DefaultListableBeanFactory     : Autowiring by type from bean name 'webConfigurer' via constructor to bean named 'environment'
2020-07-22 15:26:31.842 DEBUG 6739 --- [    Test worker] o.s.b.f.s.DefaultListableBeanFactory     : Creating shared instance of singleton bean 'huobiImpl'
2020-07-22 15:26:31.845 DEBUG 6739 --- [    Test worker] o.s.b.f.s.DefaultListableBeanFactory     : Creating shared instance of singleton bean 'okHttpClientUtil'
2020-07-22 15:26:32.005 DEBUG 6739 --- [    Test worker] jdk.event.security                       : X509Certificate: Alg:SHA256withRSA, Serial:570a119742c4e3cc, Subject:CN=Actalis Authentication Root CA, O=Actalis S.p.A./03358520967, L=Milan, C=IT, Issuer:CN=Actalis Authentication Root CA, O=Actalis S.p.A./03358520967, L=Milan, C=IT, Key type:RSA, Length:4096, Cert Id:1729119956, Valid from:2011/9/22 下午7:22, Valid until:2030/9/22 下午7:22
2020-07-22 15:26:32.007 DEBUG 6739 --- [    Test worker] jdk.event.security                       : X509Certificate: Alg:SHA1withRSA, Serial:1, Subject:CN=AddTrust Class 1 CA Root, OU=AddTrust TTP Network, O=AddTrust AB, C=SE, Issuer:CN=AddTrust Class 1 CA Root, OU=AddTrust TTP Network, O=AddTrust AB, C=SE, Key type:RSA, Length:2048, Cert Id:764620144, Valid from:2000/5/30 下午6:38, Valid until:2020/5/30 下午6:38
2020-07-22 15:26:32.008 DEBUG 6739 --- [    Test worker] jdk.event.security                       : X509Certificate: Alg:SHA1withRSA, Serial:1, Subject:CN=AddTrust External CA Root, OU=AddTrust External TTP Network, O=AddTrust AB, C=SE, Issuer:CN=AddTrust External CA Root, OU=AddTrust External TTP Network, O=AddTrust AB, C=SE, Key type:RSA, Length:2048, Cert Id:-326352672, Valid from:2000/5/30 下午6:48, Valid until:2020/5/30 下午6:48
2020-07-22 15:26:32.010 DEBUG 6739 --- [    Test worker] jdk.event.security                       : X509Certificate: Alg:SHA1withRSA, Serial:1, Subject:CN=AddTrust Qualified CA Root, OU=AddTrust TTP Network, O=AddTrust AB, C=SE, Issuer:CN=AddTrust Qualified CA Root, OU=AddTrust TTP Network, O=AddTrust AB, C=SE, Key type:RSA, Length:2048, Cert Id:607365522, Valid from:2000/5/30 下午6:44, Valid until:2020/5/30 下午6:44
2020-07-22 15:26:32.012 DEBUG 6739 --- [    Test worker] jdk.event.security                       : X509Certificate: Alg:SHA256withRSA, Serial:7777062726a9b17c, Subject:CN=AffirmTrust Commercial, O=AffirmTrust, C=US, Issuer:CN=AffirmTrust Commercial, O=AffirmTrust, C=US, Key type:RSA, Length:2048, Cert Id:630485644, Valid from:2010/1/29 下午10:06, Valid until:2030/12/31 下午10:06
2020-07-22 15:26:32.014 DEBUG 6739 --- [    Test worker] jdk.event.security                       : X509Certificate: Alg:SHA1withRSA, Serial:7c4f04391cd4992d, Subject:CN=AffirmTrust Networking, O=AffirmTrust, C=US, Issuer:CN=AffirmTrust Networking, O=AffirmTrust, C=US, Key type:RSA, Length:2048, Cert Id:651670175, Valid from:2010/1/29 下午10:08, Valid until:2030/12/31 下午10:08
2020-07-22 15:26:32.015 DEBUG 6739 --- [    Test worker] jdk.event.security                       : X509Certificate: Alg:SHA384withRSA, Serial:6d8c1446b1a60aee, Subject:CN=AffirmTrust Premium, O=AffirmTrust, C=US, Issuer:CN=AffirmTrust Premium, O=AffirmTrust, C=US, Key type:RSA, Length:4096, Cert Id:-2130283955, Valid from:2010/1/29 下午10:10, Valid until:2040/12/31 下午10:10
2020-07-22 15:26:32.020 DEBUG 6739 --- [    Test worker] jdk.event.security                       : X509Certificate: Alg:SHA384withECDSA, Serial:7497258ac73f7a54, Subject:CN=AffirmTrust Premium ECC, O=AffirmTrust, C=US, Issuer:CN=AffirmTrust Premium ECC, O=AffirmTrust, C=US, Key type:EC, Length:384, Cert Id:-2080363786, Valid from:2010/1/29 下午10:20, Valid until:2040/12/31 下午10:20
2020-07-22 15:26:32.022 DEBUG 6739 --- [    Test worker] jdk.event.security                       : X509Certificate: Alg:SHA256withRSA, Serial:66c9fcf99bf8c0a39e2f0788a43e696365bca, Subject:CN=Amazon Root CA 1, O=Amazon, C=US, Issuer:CN=Amazon Root CA 1, O=Amazon, C=US, Key type:RSA, Length:2048, Cert Id:-1472444962, Valid from:2015/5/26 上午8:00, Valid until:2038/1/17 上午8:00
2020-07-22 15:26:32.024 DEBUG 6739 --- [    Test worker] jdk.event.security                       : X509Certificate: Alg:SHA384withRSA, Serial:66c9fd29635869f0a0fe58678f85b26bb8a37, Subject:CN=Amazon Root CA 2, O=Amazon, C=US, Issuer:CN=Amazon Root CA 2, O=Amazon, C=US, Key type:RSA, Length:4096, Cert Id:-1766132388, Valid from:2015/5/26 上午8:00, Valid until:2040/5/26 上午8:00
2020-07-22 15:26:32.026 DEBUG 6739 --- [    Test worker] jdk.event.security                       : X509Certificate: Alg:SHA256withECDSA, Serial:66c9fd5749736663f3b0b9ad9e89e7603f24a, Subject:CN=Amazon Root CA 3, O=Amazon, C=US, Issuer:CN=Amazon Root CA 3, O=Amazon, C=US, Key type:EC, Length:256, Cert Id:-1562287523, Valid from:2015/5/26 上午8:00, Valid until:2040/5/26 上午8:00
2020-07-22 15:26:32.027 DEBUG 6739 --- [    Test worker] jdk.event.security                       : X509Certificate: Alg:SHA384withECDSA, Serial:66c9fd7c1bb104c2943e5717b7b2cc81ac10e, Subject:CN=Amazon Root CA 4, O=Amazon, C=US, Issuer:CN=Amazon Root CA 4, O=Amazon, C=US, Key type:EC, Length:384, Cert Id:-1654272513, Valid from:2015/5/26 上午8:00, Valid until:2040/5/26 上午8:00
2020-07-22 15:26:32.028 DEBUG 6739 --- [    Test worker] jdk.event.security                       : X509Certificate: Alg:SHA1withRSA, Serial:20000b9, Subject:CN=Baltimore CyberTrust Root, OU=CyberTrust, O=Baltimore, C=IE, Issuer:CN=Baltimore CyberTrust Root, OU=CyberTrust, O=Baltimore, C=IE, Key type:RSA, Length:2048, Cert Id:1425294543, Valid from:2000/5/13 上午2:46, Valid until:2025/5/13 上午7:59
2020-07-22 15:26:32.030 DEBUG 6739 --- [    Test worker] jdk.event.security                       : X509Certificate: Alg:SHA256withRSA, Serial:2, Subject:CN=Buypass Class 2 Root CA, O=Buypass AS-983163327, C=NO, Issuer:CN=Buypass Class 2 Root CA, O=Buypass AS-983163327, C=NO, Key type:RSA, Length:4096, Cert Id:969960563, Valid from:2010/10/26 下午4:38, Valid until:2040/10/26 下午4:38
2020-07-22 15:26:32.031 DEBUG 6739 --- [    Test worker] jdk.event.security                       : X509Certificate: Alg:SHA256withRSA, Serial:2, Subject:CN=Buypass Class 3 Root CA, O=Buypass AS-983163327, C=NO, Issuer:CN=Buypass Class 3 Root CA, O=Buypass AS-983163327, C=NO, Key type:RSA, Length:4096, Cert Id:1264269967, Valid from:2010/10/26 下午4:28, Valid until:2040/10/26 下午4:28
2020-07-22 15:26:32.035 DEBUG 6739 --- [    Test worker] jdk.event.security                       : X509Certificate: Alg:SHA1withRSA, Serial:a3da427ea4b1aeda, Subject:CN=Chambers of Commerce Root - 2008, O=AC Camerfirma S.A., SERIALNUMBER=A82743287, L=Madrid (see current address at www.camerfirma.com/address), C=EU, Issuer:CN=Chambers of Commerce Root - 2008, O=AC Camerfirma S.A., SERIALNUMBER=A82743287, L=Madrid (see current address at www.camerfirma.com/address), C=EU, Key type:RSA, Length:4096, Cert Id:-28263924, Valid from:2008/8/1 下午8:29, Valid until:2038/7/31 下午8:29
2020-07-22 15:26:32.040 DEBUG 6739 --- [    Test worker] jdk.event.security                       : X509Certificate: Alg:SHA1withRSA, Serial:0, Subject:CN=Chambers of Commerce Root, OU=http://www.chambersign.org, O=AC Camerfirma SA CIF A82743287, C=EU, Issuer:CN=Chambers of Commerce Root, OU=http://www.chambersign.org, O=AC Camerfirma SA CIF A82743287, C=EU, Key type:RSA, Length:2048, Cert Id:1827306452, Valid from:2003/10/1 上午12:13, Valid until:2037/10/1 上午12:13
2020-07-22 15:26:32.041 DEBUG 6739 --- [    Test worker] jdk.event.security                       : X509Certificate: Alg:SHA1withRSA, Serial:c9cdd3e9d57d23ce, Subject:CN=Global Chambersign Root - 2008, O=AC Camerfirma S.A., SERIALNUMBER=A82743287, L=Madrid (see current address at www.camerfirma.com/address), C=EU, Issuer:CN=Global Chambersign Root - 2008, O=AC Camerfirma S.A., SERIALNUMBER=A82743287, L=Madrid (see current address at www.camerfirma.com/address), C=EU, Key type:RSA, Length:4096, Cert Id:1271252776, Valid from:2008/8/1 下午8:31, Valid until:2038/7/31 下午8:31
2020-07-22 15:26:32.043 DEBUG 6739 --- [    Test worker] jdk.event.security                       : X509Certificate: Alg:SHA1withRSA, Serial:10020, Subject:CN=Certum CA, O=Unizeto Sp. z o.o., C=PL, Issuer:CN=Certum CA, O=Unizeto Sp. z o.o., C=PL, Key type:RSA, Length:2048, Cert Id:-744451266, Valid from:2002/6/11 下午6:46, Valid until:2027/6/11 下午6:46
2020-07-22 15:26:32.045 DEBUG 6739 --- [    Test worker] jdk.event.security                       : X509Certificate: Alg:SHA1withRSA, Serial:444c0, Subject:CN=Certum Trusted Network CA, OU=Certum Certification Authority, O=Unizeto Technologies S.A., C=PL, Issuer:CN=Certum Trusted Network CA, OU=Certum Certification Authority, O=Unizeto Technologies S.A., C=PL, Key type:RSA, Length:2048, Cert Id:2014002193, Valid from:2008/10/22 下午8:07, Valid until:2029/12/31 下午8:07
2020-07-22 15:26:32.048 DEBUG 6739 --- [    Test worker] jdk.event.security                       : X509Certificate: Alg:SHA1withRSA, Serial:15c8bd65475cafb897005ee406d2bc9d, Subject:OU=ePKI Root Certification Authority, O="Chunghwa Telecom Co., Ltd.", C=TW, Issuer:OU=ePKI Root Certification Authority, O="Chunghwa Telecom Co., Ltd.", C=TW, Key type:RSA, Length:4096, Cert Id:-662636137, Valid from:2004/12/20 上午10:31, Valid until:2034/12/20 上午10:31
2020-07-22 15:26:32.051 DEBUG 6739 --- [    Test worker] jdk.event.security                       : X509Certificate: Alg:SHA1withRSA, Serial:1, Subject:CN=AAA Certificate Services, O=Comodo CA Limited, L=Salford, ST=Greater Manchester, C=GB, Issuer:CN=AAA Certificate Services, O=Comodo CA Limited, L=Salford, ST=Greater Manchester, C=GB, Key type:RSA, Length:2048, Cert Id:-1197580894, Valid from:2004/1/1 上午8:00, Valid until:2029/1/1 上午7:59
2020-07-22 15:26:32.053 DEBUG 6739 --- [    Test worker] jdk.event.security                       : X509Certificate: Alg:SHA384withECDSA, Serial:1f47afaa62007050544c019e9b63992a, Subject:CN=COMODO ECC Certification Authority, O=COMODO CA Limited, L=Salford, ST=Greater Manchester, C=GB, Issuer:CN=COMODO ECC Certification Authority, O=COMODO CA Limited, L=Salford, ST=Greater Manchester, C=GB, Key type:EC, Length:384, Cert Id:1146488932, Valid from:2008/3/6 上午8:00, Valid until:2038/1/19 上午7:59
2020-07-22 15:26:32.054 DEBUG 6739 --- [    Test worker] jdk.event.security                       : X509Certificate: Alg:SHA384withRSA, Serial:4caaf9cadb636fe01ff74ed85b03869d, Subject:CN=COMODO RSA Certification Authority, O=COMODO CA Limited, L=Salford, ST=Greater Manchester, C=GB, Issuer:CN=COMODO RSA Certification Authority, O=COMODO CA Limited, L=Salford, ST=Greater Manchester, C=GB, Key type:RSA, Length:4096, Cert Id:1769425049, Valid from:2010/1/19 上午8:00, Valid until:2038/1/19 上午7:59
2020-07-22 15:26:32.056 DEBUG 6739 --- [    Test worker] jdk.event.security                       : X509Certificate: Alg:SHA256withRSA, Serial:b931c3ad63967ea6723bfc3af9af44b, Subject:CN=DigiCert Assured ID Root G2, OU=www.digicert.com, O=DigiCert Inc, C=US, Issuer:CN=DigiCert Assured ID Root G2, OU=www.digicert.com, O=DigiCert Inc, C=US, Key type:RSA, Length:2048, Cert Id:-385398383, Valid from:2013/8/1 下午8:00, Valid until:2038/1/15 下午8:00
2020-07-22 15:26:32.057 DEBUG 6739 --- [    Test worker] jdk.event.security                       : X509Certificate: Alg:SHA384withECDSA, Serial:ba15afa1ddfa0b54944afcd24a06cec, Subject:CN=DigiCert Assured ID Root G3, OU=www.digicert.com, O=DigiCert Inc, C=US, Issuer:CN=DigiCert Assured ID Root G3, OU=www.digicert.com, O=DigiCert Inc, C=US, Key type:EC, Length:384, Cert Id:-645537245, Valid from:2013/8/1 下午8:00, Valid until:2038/1/15 下午8:00
2020-07-22 15:26:32.058 DEBUG 6739 --- [    Test worker] jdk.event.security                       : X509Certificate: Alg:SHA1withRSA, Serial:ce7e0e517d846fe8fe560fc1bf03039, Subject:CN=DigiCert Assured ID Root CA, OU=www.digicert.com, O=DigiCert Inc, C=US, Issuer:CN=DigiCert Assured ID Root CA, OU=www.digicert.com, O=DigiCert Inc, C=US, Key type:RSA, Length:2048, Cert Id:-860404528, Valid from:2006/11/10 上午8:00, Valid until:2031/11/10 上午8:00
2020-07-22 15:26:32.060 DEBUG 6739 --- [    Test worker] jdk.event.security                       : X509Certificate: Alg:SHA1withRSA, Serial:83be056904246b1a1756ac95991c74a, Subject:CN=DigiCert Global Root CA, OU=www.digicert.com, O=DigiCert Inc, C=US, Issuer:CN=DigiCert Global Root CA, OU=www.digicert.com, O=DigiCert Inc, C=US, Key type:RSA, Length:2048, Cert Id:1341898239, Valid from:2006/11/10 上午8:00, Valid until:2031/11/10 上午8:00
2020-07-22 15:26:32.063 DEBUG 6739 --- [    Test worker] jdk.event.security                       : X509Certificate: Alg:SHA256withRSA, Serial:33af1e6a711a9a0bb2864b11d09fae5, Subject:CN=DigiCert Global Root G2, OU=www.digicert.com, O=DigiCert Inc, C=US, Issuer:CN=DigiCert Global Root G2, OU=www.digicert.com, O=DigiCert Inc, C=US, Key type:RSA, Length:2048, Cert Id:1136084297, Valid from:2013/8/1 下午8:00, Valid until:2038/1/15 下午8:00
2020-07-22 15:26:32.067 DEBUG 6739 --- [    Test worker] jdk.event.security                       : X509Certificate: Alg:SHA384withECDSA, Serial:55556bcf25ea43535c3a40fd5ab4572, Subject:CN=DigiCert Global Root G3, OU=www.digicert.com, O=DigiCert Inc, C=US, Issuer:CN=DigiCert Global Root G3, OU=www.digicert.com, O=DigiCert Inc, C=US, Key type:EC, Length:384, Cert Id:-795968543, Valid from:2013/8/1 下午8:00, Valid until:2038/1/15 下午8:00
2020-07-22 15:26:32.069 DEBUG 6739 --- [    Test worker] jdk.event.security                       : X509Certificate: Alg:SHA1withRSA, Serial:2ac5c266a0b409b8f0b79f2ae462577, Subject:CN=DigiCert High Assurance EV Root CA, OU=www.digicert.com, O=DigiCert Inc, C=US, Issuer:CN=DigiCert High Assurance EV Root CA, OU=www.digicert.com, O=DigiCert Inc, C=US, Key type:RSA, Length:2048, Cert Id:-1410680354, Valid from:2006/11/10 上午8:00, Valid until:2031/11/10 上午8:00
2020-07-22 15:26:32.070 DEBUG 6739 --- [    Test worker] jdk.event.security                       : X509Certificate: Alg:SHA384withRSA, Serial:59b1b579e8e2132e23907bda777755c, Subject:CN=DigiCert Trusted Root G4, OU=www.digicert.com, O=DigiCert Inc, C=US, Issuer:CN=DigiCert Trusted Root G4, OU=www.digicert.com, O=DigiCert Inc, C=US, Key type:RSA, Length:4096, Cert Id:1057369358, Valid from:2013/8/1 下午8:00, Valid until:2038/1/15 下午8:00
2020-07-22 15:26:32.072 DEBUG 6739 --- [    Test worker] jdk.event.security                       : X509Certificate: Alg:SHA256withRSA, Serial:983f3, Subject:CN=D-TRUST Root Class 3 CA 2 2009, O=D-Trust GmbH, C=DE, Issuer:CN=D-TRUST Root Class 3 CA 2 2009, O=D-Trust GmbH, C=DE, Key type:RSA, Length:2048, Cert Id:1430153102, Valid from:2009/11/5 下午4:35, Valid until:2029/11/5 下午4:35
2020-07-22 15:26:32.073 DEBUG 6739 --- [    Test worker] jdk.event.security                       : X509Certificate: Alg:SHA256withRSA, Serial:983f4, Subject:CN=D-TRUST Root Class 3 CA 2 EV 2009, O=D-Trust GmbH, C=DE, Issuer:CN=D-TRUST Root Class 3 CA 2 EV 2009, O=D-Trust GmbH, C=DE, Key type:RSA, Length:2048, Cert Id:971313728, Valid from:2009/11/5 下午4:50, Valid until:2029/11/5 下午4:50
2020-07-22 15:26:32.074 DEBUG 6739 --- [    Test worker] jdk.event.security                       : X509Certificate: Alg:SHA1withRSA, Serial:3863def8, Subject:CN=Entrust.net Certification Authority (2048), OU=(c) 1999 Entrust.net Limited, OU=www.entrust.net/CPS_2048 incorp. by ref. (limits liab.), O=Entrust.net, Issuer:CN=Entrust.net Certification Authority (2048), OU=(c) 1999 Entrust.net Limited, OU=www.entrust.net/CPS_2048 incorp. by ref. (limits liab.), O=Entrust.net, Key type:RSA, Length:2048, Cert Id:-328536082, Valid from:1999/12/25 上午1:50, Valid until:2029/7/24 下午10:15
2020-07-22 15:26:32.076 DEBUG 6739 --- [    Test worker] jdk.event.security                       : X509Certificate: Alg:SHA1withRSA, Serial:456b5054, Subject:CN=Entrust Root Certification Authority, OU="(c) 2006 Entrust, Inc.", OU=www.entrust.net/CPS is incorporated by reference, O="Entrust, Inc.", C=US, Issuer:CN=Entrust Root Certification Authority, OU="(c) 2006 Entrust, Inc.", OU=www.entrust.net/CPS is incorporated by reference, O="Entrust, Inc.", C=US, Key type:RSA, Length:2048, Cert Id:-1261404096, Valid from:2006/11/28 上午4:23, Valid until:2026/11/28 上午4:53
2020-07-22 15:26:32.077 DEBUG 6739 --- [    Test worker] jdk.event.security                       : X509Certificate: Alg:SHA384withECDSA, Serial:a68b79290000000050d091f9, Subject:CN=Entrust Root Certification Authority - EC1, OU="(c) 2012 Entrust, Inc. - for authorized use only", OU=See www.entrust.net/legal-terms, O="Entrust, Inc.", C=US, Issuer:CN=Entrust Root Certification Authority - EC1, OU="(c) 2012 Entrust, Inc. - for authorized use only", OU=See www.entrust.net/legal-terms, O="Entrust, Inc.", C=US, Key type:EC, Length:384, Cert Id:924514073, Valid from:2012/12/18 下午11:25, Valid until:2037/12/18 下午11:55
2020-07-22 15:26:32.078 DEBUG 6739 --- [    Test worker] jdk.event.security                       : X509Certificate: Alg:SHA256withRSA, Serial:4a538c28, Subject:CN=Entrust Root Certification Authority - G2, OU="(c) 2009 Entrust, Inc. - for authorized use only", OU=See www.entrust.net/legal-terms, O="Entrust, Inc.", C=US, Issuer:CN=Entrust Root Certification Authority - G2, OU="(c) 2009 Entrust, Inc. - for authorized use only", OU=See www.entrust.net/legal-terms, O="Entrust, Inc.", C=US, Key type:RSA, Length:2048, Cert Id:1936920337, Valid from:2009/7/8 上午1:25, Valid until:2030/12/8 上午1:55
2020-07-22 15:26:32.079 DEBUG 6739 --- [    Test worker] jdk.event.security                       : X509Certificate: Alg:SHA1withRSA, Serial:23456, Subject:CN=GeoTrust Global CA, O=GeoTrust Inc., C=US, Issuer:CN=GeoTrust Global CA, O=GeoTrust Inc., C=US, Key type:RSA, Length:2048, Cert Id:-2028617374, Valid from:2002/5/21 下午12:00, Valid until:2022/5/21 下午12:00
2020-07-22 15:26:32.080 DEBUG 6739 --- [    Test worker] jdk.event.security                       : X509Certificate: Alg:SHA1withRSA, Serial:18acb56afd69b6153a636cafdafac4a1, Subject:CN=GeoTrust Primary Certification Authority, O=GeoTrust Inc., C=US, Issuer:CN=GeoTrust Primary Certification Authority, O=GeoTrust Inc., C=US, Key type:RSA, Length:2048, Cert Id:-965345157, Valid from:2006/11/27 上午8:00, Valid until:2036/7/17 上午7:59
2020-07-22 15:26:32.081 DEBUG 6739 --- [    Test worker] jdk.event.security                       : X509Certificate: Alg:SHA384withECDSA, Serial:3cb2f4480a00e2feeb243b5e603ec36b, Subject:CN=GeoTrust Primary Certification Authority - G2, OU=(c) 2007 GeoTrust Inc. - For authorized use only, O=GeoTrust Inc., C=US, Issuer:CN=GeoTrust Primary Certification Authority - G2, OU=(c) 2007 GeoTrust Inc. - For authorized use only, O=GeoTrust Inc., C=US, Key type:EC, Length:384, Cert Id:-1114303822, Valid from:2007/11/5 上午8:00, Valid until:2038/1/19 上午7:59
2020-07-22 15:26:32.083 DEBUG 6739 --- [    Test worker] jdk.event.security                       : X509Certificate: Alg:SHA256withRSA, Serial:15ac6e9419b2794b41f627a9c3180f1f, Subject:CN=GeoTrust Primary Certification Authority - G3, OU=(c) 2008 GeoTrust Inc. - For authorized use only, O=GeoTrust Inc., C=US, Issuer:CN=GeoTrust Primary Certification Authority - G3, OU=(c) 2008 GeoTrust Inc. - For authorized use only, O=GeoTrust Inc., C=US, Key type:RSA, Length:2048, Cert Id:-1330153758, Valid from:2008/4/2 上午8:00, Valid until:2037/12/2 上午7:59
2020-07-22 15:26:32.084 DEBUG 6739 --- [    Test worker] jdk.event.security                       : X509Certificate: Alg:SHA1withRSA, Serial:1, Subject:CN=GeoTrust Universal CA, O=GeoTrust Inc., C=US, Issuer:CN=GeoTrust Universal CA, O=GeoTrust Inc., C=US, Key type:RSA, Length:4096, Cert Id:313566089, Valid from:2004/3/4 下午1:00, Valid until:2029/3/4 下午1:00
2020-07-22 15:26:32.085 DEBUG 6739 --- [    Test worker] jdk.event.security                       : X509Certificate: Alg:SHA1withRSA, Serial:40000000001154b5ac394, Subject:CN=GlobalSign Root CA, OU=Root CA, O=GlobalSign nv-sa, C=BE, Issuer:CN=GlobalSign Root CA, OU=Root CA, O=GlobalSign nv-sa, C=BE, Key type:RSA, Length:2048, Cert Id:536948034, Valid from:1998/9/1 下午8:00, Valid until:2028/1/28 下午8:00
2020-07-22 15:26:32.086 DEBUG 6739 --- [    Test worker] jdk.event.security                       : X509Certificate: Alg:SHA256withECDSA, Serial:2a38a41c960a04de42b228a50be8349802, Subject:CN=GlobalSign, O=GlobalSign, OU=GlobalSign ECC Root CA - R4, Issuer:CN=GlobalSign, O=GlobalSign, OU=GlobalSign ECC Root CA - R4, Key type:EC, Length:256, Cert Id:-1923273545, Valid from:2012/11/13 上午8:00, Valid until:2038/1/19 上午11:14
2020-07-22 15:26:32.087 DEBUG 6739 --- [    Test worker] jdk.event.security                       : X509Certificate: Alg:SHA384withECDSA, Serial:605949e0262ebb55f90a778a71f94ad86c, Subject:CN=GlobalSign, O=GlobalSign, OU=GlobalSign ECC Root CA - R5, Issuer:CN=GlobalSign, O=GlobalSign, OU=GlobalSign ECC Root CA - R5, Key type:EC, Length:384, Cert Id:1997048439, Valid from:2012/11/13 上午8:00, Valid until:2038/1/19 上午11:14
2020-07-22 15:26:32.089 DEBUG 6739 --- [    Test worker] jdk.event.security                       : X509Certificate: Alg:SHA1withRSA, Serial:400000000010f8626e60d, Subject:CN=GlobalSign, O=GlobalSign, OU=GlobalSign Root CA - R2, Issuer:CN=GlobalSign, O=GlobalSign, OU=GlobalSign Root CA - R2, Key type:RSA, Length:2048, Cert Id:7087067, Valid from:2006/12/15 下午4:00, Valid until:2021/12/15 下午4:00
2020-07-22 15:26:32.090 DEBUG 6739 --- [    Test worker] jdk.event.security                       : X509Certificate: Alg:SHA256withRSA, Serial:4000000000121585308a2, Subject:CN=GlobalSign, O=GlobalSign, OU=GlobalSign Root CA - R3, Issuer:CN=GlobalSign, O=GlobalSign, OU=GlobalSign Root CA - R3, Key type:RSA, Length:2048, Cert Id:733875591, Valid from:2009/3/18 下午6:00, Valid until:2029/3/18 下午6:00
2020-07-22 15:26:32.092 DEBUG 6739 --- [    Test worker] jdk.event.security                       : X509Certificate: Alg:SHA384withRSA, Serial:45e6bb038333c3856548e6ff4551, Subject:CN=GlobalSign, O=GlobalSign, OU=GlobalSign Root CA - R6, Issuer:CN=GlobalSign, O=GlobalSign, OU=GlobalSign Root CA - R6, Key type:RSA, Length:4096, Cert Id:-506627753, Valid from:2014/12/10 上午8:00, Valid until:2034/12/10 上午8:00
2020-07-22 15:26:32.093 DEBUG 6739 --- [    Test worker] jdk.event.security                       : X509Certificate: Alg:SHA1withRSA, Serial:0, Subject:OU=Go Daddy Class 2 Certification Authority, O="The Go Daddy Group, Inc.", C=US, Issuer:OU=Go Daddy Class 2 Certification Authority, O="The Go Daddy Group, Inc.", C=US, Key type:RSA, Length:2048, Cert Id:-271444299, Valid from:2004/6/30 上午1:06, Valid until:2034/6/30 上午1:06
2020-07-22 15:26:32.094 DEBUG 6739 --- [    Test worker] jdk.event.security                       : X509Certificate: Alg:SHA256withRSA, Serial:0, Subject:CN=Go Daddy Root Certificate Authority - G2, O="GoDaddy.com, Inc.", L=Scottsdale, ST=Arizona, C=US, Issuer:CN=Go Daddy Root Certificate Authority - G2, O="GoDaddy.com, Inc.", L=Scottsdale, ST=Arizona, C=US, Key type:RSA, Length:2048, Cert Id:439600313, Valid from:2009/9/1 上午8:00, Valid until:2038/1/1 上午7:59
2020-07-22 15:26:32.095 DEBUG 6739 --- [    Test worker] jdk.event.security                       : X509Certificate: Alg:SHA256withRSA, Serial:a0142800000014523c844b500000002, Subject:CN=IdenTrust Commercial Root CA 1, O=IdenTrust, C=US, Issuer:CN=IdenTrust Commercial Root CA 1, O=IdenTrust, C=US, Key type:RSA, Length:4096, Cert Id:1232565210, Valid from:2014/1/17 上午2:12, Valid until:2034/1/17 上午2:12
2020-07-22 15:26:32.096 DEBUG 6739 --- [    Test worker] jdk.event.security                       : X509Certificate: Alg:SHA1withRSA, Serial:44afb080d6a327ba893039862ef8406b, Subject:CN=DST Root CA X3, O=Digital Signature Trust Co., Issuer:CN=DST Root CA X3, O=Digital Signature Trust Co., Key type:RSA, Length:2048, Cert Id:1007302312, Valid from:2000/10/1 上午5:12, Valid until:2021/9/30 下午10:01
2020-07-22 15:26:32.097 DEBUG 6739 --- [    Test worker] jdk.event.security                       : X509Certificate: Alg:SHA256withRSA, Serial:a0142800000014523cf467c00000002, Subject:CN=IdenTrust Public Sector Root CA 1, O=IdenTrust, C=US, Issuer:CN=IdenTrust Public Sector Root CA 1, O=IdenTrust, C=US, Key type:RSA, Length:4096, Cert Id:2123370772, Valid from:2014/1/17 上午1:53, Valid until:2034/1/17 上午1:53
2020-07-22 15:26:32.098 DEBUG 6739 --- [    Test worker] jdk.event.security                       : X509Certificate: Alg:SHA256withRSA, Serial:1121bc276c5547af584eefd4ced629b2a285, Subject:CN=KEYNECTIS ROOT CA, OU=ROOT, O=KEYNECTIS, C=FR, Issuer:CN=KEYNECTIS ROOT CA, OU=ROOT, O=KEYNECTIS, C=FR, Key type:RSA, Length:2048, Cert Id:1479486418, Valid from:2009/5/26 上午8:00, Valid until:2020/5/26 上午8:00
2020-07-22 15:26:32.099 DEBUG 6739 --- [    Test worker] jdk.event.security                       : X509Certificate: Alg:SHA256withRSA, Serial:8210cfb0d240e3594463e0bb63828b00, Subject:CN=ISRG Root X1, O=Internet Security Research Group, C=US, Issuer:CN=ISRG Root X1, O=Internet Security Research Group, C=US, Key type:RSA, Length:4096, Cert Id:1521974916, Valid from:2015/6/4 下午7:04, Valid until:2035/6/4 下午7:04
2020-07-22 15:26:32.100 DEBUG 6739 --- [    Test worker] jdk.event.security                       : X509Certificate: Alg:SHA256withRSA, Serial:a7ea6df4b449eda6a24859ee6b815d3167fbbb1, Subject:CN=LuxTrust Global Root 2, O=LuxTrust S.A., C=LU, Issuer:CN=LuxTrust Global Root 2, O=LuxTrust S.A., C=LU, Key type:RSA, Length:4096, Cert Id:-1239330694, Valid from:2015/3/5 下午9:21, Valid until:2035/3/5 下午9:21
2020-07-22 15:26:32.102 DEBUG 6739 --- [    Test worker] jdk.event.security                       : X509Certificate: Alg:SHA256withRSA, Serial:bb8, Subject:CN=LuxTrust Global Root, O=LuxTrust s.a., C=LU, Issuer:CN=LuxTrust Global Root, O=LuxTrust s.a., C=LU, Key type:RSA, Length:2048, Cert Id:1714819687, Valid from:2011/3/17 下午5:51, Valid until:2021/3/17 下午5:51
2020-07-22 15:26:32.104 DEBUG 6739 --- [    Test worker] jdk.event.security                       : X509Certificate: Alg:SHA1withRSA, Serial:3ab6508b, Subject:CN=QuoVadis Root Certification Authority, OU=Root Certification Authority, O=QuoVadis Limited, C=BM, Issuer:CN=QuoVadis Root Certification Authority, OU=Root Certification Authority, O=QuoVadis Limited, C=BM, Key type:RSA, Length:2048, Cert Id:-1882405602, Valid from:2001/3/20 上午2:33, Valid until:2021/3/18 上午2:33
2020-07-22 15:26:32.106 DEBUG 6739 --- [    Test worker] jdk.event.security                       : X509Certificate: Alg:SHA256withRSA, Serial:78585f2ead2c194be3370735341328b596d46593, Subject:CN=QuoVadis Root CA 1 G3, O=QuoVadis Limited, C=BM, Issuer:CN=QuoVadis Root CA 1 G3, O=QuoVadis Limited, C=BM, Key type:RSA, Length:4096, Cert Id:-762436034, Valid from:2012/1/13 上午1:27, Valid until:2042/1/13 上午1:27
2020-07-22 15:26:32.108 DEBUG 6739 --- [    Test worker] jdk.event.security                       : X509Certificate: Alg:SHA1withRSA, Serial:509, Subject:CN=QuoVadis Root CA 2, O=QuoVadis Limited, C=BM, Issuer:CN=QuoVadis Root CA 2, O=QuoVadis Limited, C=BM, Key type:RSA, Length:4096, Cert Id:338250116, Valid from:2006/11/25 上午2:27, Valid until:2031/11/25 上午2:23
2020-07-22 15:26:32.109 DEBUG 6739 --- [    Test worker] jdk.event.security                       : X509Certificate: Alg:SHA256withRSA, Serial:445734245b81899b35f2ceb82b3b5ba726f07528, Subject:CN=QuoVadis Root CA 2 G3, O=QuoVadis Limited, C=BM, Issuer:CN=QuoVadis Root CA 2 G3, O=QuoVadis Limited, C=BM, Key type:RSA, Length:4096, Cert Id:696763521, Valid from:2012/1/13 上午2:59, Valid until:2042/1/13 上午2:59
2020-07-22 15:26:32.111 DEBUG 6739 --- [    Test worker] jdk.event.security                       : X509Certificate: Alg:SHA1withRSA, Serial:5c6, Subject:CN=QuoVadis Root CA 3, O=QuoVadis Limited, C=BM, Issuer:CN=QuoVadis Root CA 3, O=QuoVadis Limited, C=BM, Key type:RSA, Length:4096, Cert Id:1470392860, Valid from:2006/11/25 上午3:11, Valid until:2031/11/25 上午3:06
2020-07-22 15:26:32.112 DEBUG 6739 --- [    Test worker] jdk.event.security                       : X509Certificate: Alg:SHA256withRSA, Serial:2ef59b0228a7db7affd5a3a9eebd03a0cf126a1d, Subject:CN=QuoVadis Root CA 3 G3, O=QuoVadis Limited, C=BM, Issuer:CN=QuoVadis Root CA 3 G3, O=QuoVadis Limited, C=BM, Key type:RSA, Length:4096, Cert Id:-705622991, Valid from:2012/1/13 上午4:26, Valid until:2042/1/13 上午4:26
2020-07-22 15:26:32.113 DEBUG 6739 --- [    Test worker] jdk.event.security                       : X509Certificate: Alg:SHA1withRSA, Serial:0, Subject:OU=Security Communication RootCA1, O=SECOM Trust.net, C=JP, Issuer:OU=Security Communication RootCA1, O=SECOM Trust.net, C=JP, Key type:RSA, Length:2048, Cert Id:1802358121, Valid from:2003/9/30 下午12:20, Valid until:2023/9/30 下午12:20
2020-07-22 15:26:32.114 DEBUG 6739 --- [    Test worker] jdk.event.security                       : X509Certificate: Alg:SHA256withRSA, Serial:0, Subject:OU=Security Communication RootCA2, O="SECOM Trust Systems CO.,LTD.", C=JP, Issuer:OU=Security Communication RootCA2, O="SECOM Trust Systems CO.,LTD.", C=JP, Key type:RSA, Length:2048, Cert Id:1521072570, Valid from:2009/5/29 下午1:00, Valid until:2029/5/29 下午1:00
2020-07-22 15:26:32.115 DEBUG 6739 --- [    Test worker] jdk.event.security                       : X509Certificate: Alg:SHA1withRSA, Serial:cf08e5c0816a5ad427ff0eb271859d0, Subject:CN=SecureTrust CA, O=SecureTrust Corporation, C=US, Issuer:CN=SecureTrust CA, O=SecureTrust Corporation, C=US, Key type:RSA, Length:2048, Cert Id:2034155325, Valid from:2006/11/8 上午3:31, Valid until:2030/1/1 上午3:40
2020-07-22 15:26:32.117 DEBUG 6739 --- [    Test worker] jdk.event.security                       : X509Certificate: Alg:SHA1withRSA, Serial:1d, Subject:CN=Sonera Class2 CA, O=Sonera, C=FI, Issuer:CN=Sonera Class2 CA, O=Sonera, C=FI, Key type:RSA, Length:2048, Cert Id:-572101437, Valid from:2001/4/6 下午3:29, Valid until:2021/4/6 下午3:29
2020-07-22 15:26:32.118 DEBUG 6739 --- [    Test worker] jdk.event.security                       : X509Certificate: Alg:SHA1withRSA, Serial:0, Subject:OU=Starfield Class 2 Certification Authority, O="Starfield Technologies, Inc.", C=US, Issuer:OU=Starfield Class 2 Certification Authority, O="Starfield Technologies, Inc.", C=US, Key type:RSA, Length:2048, Cert Id:1825617644, Valid from:2004/6/30 上午1:39, Valid until:2034/6/30 上午1:39
2020-07-22 15:26:32.119 DEBUG 6739 --- [    Test worker] jdk.event.security                       : X509Certificate: Alg:SHA256withRSA, Serial:0, Subject:CN=Starfield Root Certificate Authority - G2, O="Starfield Technologies, Inc.", L=Scottsdale, ST=Arizona, C=US, Issuer:CN=Starfield Root Certificate Authority - G2, O="Starfield Technologies, Inc.", L=Scottsdale, ST=Arizona, C=US, Key type:RSA, Length:2048, Cert Id:-1026641587, Valid from:2009/9/1 上午8:00, Valid until:2038/1/1 上午7:59
2020-07-22 15:26:32.121 DEBUG 6739 --- [    Test worker] jdk.event.security                       : X509Certificate: Alg:SHA256withRSA, Serial:0, Subject:CN=Starfield Services Root Certificate Authority - G2, O="Starfield Technologies, Inc.", L=Scottsdale, ST=Arizona, C=US, Issuer:CN=Starfield Services Root Certificate Authority - G2, O="Starfield Technologies, Inc.", L=Scottsdale, ST=Arizona, C=US, Key type:RSA, Length:2048, Cert Id:1964785574, Valid from:2009/9/1 上午8:00, Valid until:2038/1/1 上午7:59
2020-07-22 15:26:32.124 DEBUG 6739 --- [    Test worker] jdk.event.security                       : X509Certificate: Alg:SHA1withRSA, Serial:bb401c43f55e4fb0, Subject:CN=SwissSign Gold CA - G2, O=SwissSign AG, C=CH, Issuer:CN=SwissSign Gold CA - G2, O=SwissSign AG, C=CH, Key type:RSA, Length:4096, Cert Id:1516221943, Valid from:2006/10/25 下午4:30, Valid until:2036/10/25 下午4:30
2020-07-22 15:26:32.128 DEBUG 6739 --- [    Test worker] jdk.event.security                       : X509Certificate: Alg:SHA1withRSA, Serial:4eb200670c035d4f, Subject:CN=SwissSign Platinum CA - G2, O=SwissSign AG, C=CH, Issuer:CN=SwissSign Platinum CA - G2, O=SwissSign AG, C=CH, Key type:RSA, Length:4096, Cert Id:771312514, Valid from:2006/10/25 下午4:36, Valid until:2036/10/25 下午4:36
2020-07-22 15:26:32.131 DEBUG 6739 --- [    Test worker] jdk.event.security                       : X509Certificate: Alg:SHA1withRSA, Serial:4f1bd42f54bb2f4b, Subject:CN=SwissSign Silver CA - G2, O=SwissSign AG, C=CH, Issuer:CN=SwissSign Silver CA - G2, O=SwissSign AG, C=CH, Key type:RSA, Length:4096, Cert Id:126726124, Valid from:2006/10/25 下午4:32, Valid until:2036/10/25 下午4:32
2020-07-22 15:26:32.135 DEBUG 6739 --- [    Test worker] jdk.event.security                       : X509Certificate: Alg:SHA1withRSA, Serial:95be16a0f72e46f17b398272fa8bcd96, Subject:CN=TeliaSonera Root CA v1, O=TeliaSonera, Issuer:CN=TeliaSonera Root CA v1, O=TeliaSonera, Key type:RSA, Length:4096, Cert Id:1495358374, Valid from:2007/10/18 下午8:00, Valid until:2032/10/18 下午8:00
2020-07-22 15:26:32.138 DEBUG 6739 --- [    Test worker] jdk.event.security                       : X509Certificate: Alg:SHA1withRSA, Serial:36122296c5e338a520a1d25f4cd70954, Subject:EMAILADDRESS=premium-server@thawte.com, CN=Thawte Premium Server CA, OU=Certification Services Division, O=Thawte Consulting cc, L=Cape Town, ST=Western Cape, C=ZA, Issuer:EMAILADDRESS=premium-server@thawte.com, CN=Thawte Premium Server CA, OU=Certification Services Division, O=Thawte Consulting cc, L=Cape Town, ST=Western Cape, C=ZA, Key type:RSA, Length:1024, Cert Id:857909202, Valid from:1996/8/1 上午8:00, Valid until:2021/1/2 上午7:59
2020-07-22 15:26:32.140 DEBUG 6739 --- [    Test worker] jdk.event.security                       : X509Certificate: Alg:SHA1withRSA, Serial:344ed55720d5edec49f42fce37db2b6d, Subject:CN=thawte Primary Root CA, OU="(c) 2006 thawte, Inc. - For authorized use only", OU=Certification Services Division, O="thawte, Inc.", C=US, Issuer:CN=thawte Primary Root CA, OU="(c) 2006 thawte, Inc. - For authorized use only", OU=Certification Services Division, O="thawte, Inc.", C=US, Key type:RSA, Length:2048, Cert Id:643000026, Valid from:2006/11/17 上午8:00, Valid until:2036/7/17 上午7:59
2020-07-22 15:26:32.142 DEBUG 6739 --- [    Test worker] jdk.event.security                       : X509Certificate: Alg:SHA384withECDSA, Serial:35fc265cd9844fc93d263d579baed756, Subject:CN=thawte Primary Root CA - G2, OU="(c) 2007 thawte, Inc. - For authorized use only", O="thawte, Inc.", C=US, Issuer:CN=thawte Primary Root CA - G2, OU="(c) 2007 thawte, Inc. - For authorized use only", O="thawte, Inc.", C=US, Key type:EC, Length:384, Cert Id:2068083090, Valid from:2007/11/5 上午8:00, Valid until:2038/1/19 上午7:59
[...]
2020-07-22 15:26:35.742 DEBUG 6739 --- [    Test worker] okhttp3.internal.http2.Http2             : >> 0x00000000     4 WINDOW_UPDATE 
2020-07-22 15:26:35.744 DEBUG 6739 --- [    Test worker] okhttp3.internal.concurrent.TaskRunner   : Q10007 scheduled after   0 µs: OkHttp api.testnet.huobi.pro
2020-07-22 15:26:35.746 DEBUG 6739 --- [Http TaskRunner] okhttp3.internal.concurrent.TaskRunner   : Q10007 starting              : OkHttp api.testnet.huobi.pro
2020-07-22 15:26:35.749 DEBUG 6739 --- [    Test worker] okhttp3.internal.concurrent.TaskRunner   : Q10000 scheduled after   0 µs: OkHttp ConnectionPool
2020-07-22 15:26:35.750 DEBUG 6739 --- [Http TaskRunner] okhttp3.internal.concurrent.TaskRunner   : Q10000 starting              : OkHttp ConnectionPool
2020-07-22 15:26:35.750 DEBUG 6739 --- [ ConnectionPool] okhttp3.internal.concurrent.TaskRunner   : Q10000 run again after 300 s : OkHttp ConnectionPool
2020-07-22 15:26:35.751 DEBUG 6739 --- [Http TaskRunner] okhttp3.internal.concurrent.TaskRunner   : Q10000 finished run in 797 µs: OkHttp ConnectionPool
2020-07-22 15:26:35.757 DEBUG 6739 --- [    Test worker] okhttp3.internal.http2.Http2             : >> 0x00000003   190 HEADERS       END_STREAM|END_HEADERS
2020-07-22 15:26:35.834 DEBUG 6739 --- [stnet.huobi.pro] okhttp3.internal.http2.Http2             : << 0x00000000    18 SETTINGS      
2020-07-22 15:26:35.835 DEBUG 6739 --- [stnet.huobi.pro] okhttp3.internal.concurrent.TaskRunner   : Q10004 scheduled after   0 µs: OkHttp api.testnet.huobi.pro applyAndAckSettings
2020-07-22 15:26:35.835 DEBUG 6739 --- [stnet.huobi.pro] okhttp3.internal.http2.Http2             : << 0x00000000     4 WINDOW_UPDATE 
2020-07-22 15:26:35.836 DEBUG 6739 --- [Http TaskRunner] okhttp3.internal.concurrent.TaskRunner   : Q10004 starting              : OkHttp api.testnet.huobi.pro applyAndAckSettings
2020-07-22 15:26:35.839 DEBUG 6739 --- [yAndAckSettings] okhttp3.internal.concurrent.TaskRunner   : Q10006 scheduled after   0 µs: OkHttp api.testnet.huobi.pro onSettings
2020-07-22 15:26:35.839 DEBUG 6739 --- [yAndAckSettings] okhttp3.internal.http2.Http2             : >> 0x00000000     0 SETTINGS      ACK
2020-07-22 15:26:35.840 DEBUG 6739 --- [Http TaskRunner] okhttp3.internal.concurrent.TaskRunner   : Q10006 starting              : OkHttp api.testnet.huobi.pro onSettings
2020-07-22 15:26:35.841 DEBUG 6739 --- [Http TaskRunner] okhttp3.internal.concurrent.TaskRunner   : Q10004 finished run in   5 ms: OkHttp api.testnet.huobi.pro applyAndAckSettings
2020-07-22 15:26:35.841 DEBUG 6739 --- [Http TaskRunner] okhttp3.internal.concurrent.TaskRunner   : Q10006 finished run in   1 ms: OkHttp api.testnet.huobi.pro onSettings
2020-07-22 15:26:35.849 DEBUG 6739 --- [stnet.huobi.pro] okhttp3.internal.http2.Http2             : << 0x00000000     0 SETTINGS      ACK
2020-07-22 15:26:35.938 DEBUG 6739 --- [stnet.huobi.pro] okhttp3.internal.http2.Http2             : << 0x00000003   403 HEADERS       END_HEADERS
2020-07-22 15:26:35.941 DEBUG 6739 --- [stnet.huobi.pro] okhttp3.internal.http2.Http2             : << 0x00000003    88 DATA          
2020-07-22 15:26:35.943 DEBUG 6739 --- [stnet.huobi.pro] okhttp3.internal.http2.Http2             : << 0x00000003     0 DATA          END_STREAM
2020-07-22 15:26:35.950 DEBUG 6739 --- [    Test worker] okhttp3.internal.concurrent.TaskRunner   : Q10000 scheduled after   0 µs: OkHttp ConnectionPool
2020-07-22 15:26:35.951 DEBUG 6739 --- [Http TaskRunner] okhttp3.internal.concurrent.TaskRunner   : Q10000 starting              : OkHttp ConnectionPool
2020-07-22 15:26:35.952 DEBUG 6739 --- [ ConnectionPool] okhttp3.internal.concurrent.TaskRunner   : Q10000 run again after 300 s : OkHttp ConnectionPool
2020-07-22 15:26:35.953 DEBUG 6739 --- [Http TaskRunner] okhttp3.internal.concurrent.TaskRunner   : Q10000 finished run in   2 ms: OkHttp ConnectionPool
{"status":"ok","data":[{"id":1039,"type":"spot","subtype":"","state":"working"}]}
2020-07-22 15:26:35.958 DEBUG 6739 --- [    Test worker] c.DefaultCacheAwareContextLoaderDelegate : Retrieved ApplicationContext [1994615603] from cache with key [[WebMergedContextConfiguration@130266c7 testClass = Teeeee, locations = '{}', classes = '{class com.allstars.pudge.Application, class com.allstars.pudge.Application}', contextInitializerClasses = '[]', activeProfiles = '{}', propertySourceLocations = '{}', propertySourceProperties = '{org.springframework.boot.test.context.SpringBootTestContextBootstrapper=true}', contextCustomizers = set[org.springframework.boot.test.autoconfigure.properties.PropertyMappingContextCustomizer@0, org.springframework.boot.test.autoconfigure.web.servlet.WebDriverContextCustomizerFactory$Customizer@165ca9e1, org.springframework.boot.test.context.filter.ExcludeFilterContextCustomizer@cdefc61, org.springframework.boot.test.json.DuplicateJsonObjectContextCustomizerFactory$DuplicateJsonObjectContextCustomizer@c68b6d6, org.springframework.boot.test.mock.mockito.MockitoContextCustomizer@0, org.springframework.boot.test.web.client.TestRestTemplateContextCustomizer@33f6cabf], resourceBasePath = 'src/main/webapp', contextLoader = 'org.springframework.boot.test.context.SpringBootContextLoader', parent = [null]]]
2020-07-22 15:26:35.958 DEBUG 6739 --- [    Test worker] org.springframework.test.context.cache   : Spring test ApplicationContext cache statistics: [DefaultContextCache@e42a63e size = 1, maxSize = 32, parentContextCount = 0, hitCount = 6, missCount = 1]
2020-07-22 15:26:35.961 DEBUG 6739 --- [    Test worker] c.DefaultCacheAwareContextLoaderDelegate : Retrieved ApplicationContext [1994615603] from cache with key [[WebMergedContextConfiguration@130266c7 testClass = Teeeee, locations = '{}', classes = '{class com.allstars.pudge.Application, class com.allstars.pudge.Application}', contextInitializerClasses = '[]', activeProfiles = '{}', propertySourceLocations = '{}', propertySourceProperties = '{org.springframework.boot.test.context.SpringBootTestContextBootstrapper=true}', contextCustomizers = set[org.springframework.boot.test.autoconfigure.properties.PropertyMappingContextCustomizer@0, org.springframework.boot.test.autoconfigure.web.servlet.WebDriverContextCustomizerFactory$Customizer@165ca9e1, org.springframework.boot.test.context.filter.ExcludeFilterContextCustomizer@cdefc61, org.springframework.boot.test.json.DuplicateJsonObjectContextCustomizerFactory$DuplicateJsonObjectContextCustomizer@c68b6d6, org.springframework.boot.test.mock.mockito.MockitoContextCustomizer@0, org.springframework.boot.test.web.client.TestRestTemplateContextCustomizer@33f6cabf], resourceBasePath = 'src/main/webapp', contextLoader = 'org.springframework.boot.test.context.SpringBootContextLoader', parent = [null]]]
2020-07-22 15:26:35.961 DEBUG 6739 --- [    Test worker] org.springframework.test.context.cache   : Spring test ApplicationContext cache statistics: [DefaultContextCache@e42a63e size = 1, maxSize = 32, parentContextCount = 0, hitCount = 7, missCount = 1]
2020-07-22 15:26:35.963 DEBUG 6739 --- [    Test worker] c.DefaultCacheAwareContextLoaderDelegate : Retrieved ApplicationContext [1994615603] from cache with key [[WebMergedContextConfiguration@130266c7 testClass = Teeeee, locations = '{}', classes = '{class com.allstars.pudge.Application, class com.allstars.pudge.Application}', contextInitializerClasses = '[]', activeProfiles = '{}', propertySourceLocations = '{}', propertySourceProperties = '{org.springframework.boot.test.context.SpringBootTestContextBootstrapper=true}', contextCustomizers = set[org.springframework.boot.test.autoconfigure.properties.PropertyMappingContextCustomizer@0, org.springframework.boot.test.autoconfigure.web.servlet.WebDriverContextCustomizerFactory$Customizer@165ca9e1, org.springframework.boot.test.context.filter.ExcludeFilterContextCustomizer@cdefc61, org.springframework.boot.test.json.DuplicateJsonObjectContextCustomizerFactory$DuplicateJsonObjectContextCustomizer@c68b6d6, org.springframework.boot.test.mock.mockito.MockitoContextCustomizer@0, org.springframework.boot.test.web.client.TestRestTemplateContextCustomizer@33f6cabf], resourceBasePath = 'src/main/webapp', contextLoader = 'org.springframework.boot.test.context.SpringBootContextLoader', parent = [null]]]
2020-07-22 15:26:35.963 DEBUG 6739 --- [    Test worker] org.springframework.test.context.cache   : Spring test ApplicationContext cache statistics: [DefaultContextCache@e42a63e size = 1, maxSize = 32, parentContextCount = 0, hitCount = 8, missCount = 1]
2020-07-22 15:26:35.964 DEBUG 6739 --- [    Test worker] c.DefaultCacheAwareContextLoaderDelegate : Retrieved ApplicationContext [1994615603] from cache with key [[WebMergedContextConfiguration@130266c7 testClass = Teeeee, locations = '{}', classes = '{class com.allstars.pudge.Application, class com.allstars.pudge.Application}', contextInitializerClasses = '[]', activeProfiles = '{}', propertySourceLocations = '{}', propertySourceProperties = '{org.springframework.boot.test.context.SpringBootTestContextBootstrapper=true}', contextCustomizers = set[org.springframework.boot.test.autoconfigure.properties.PropertyMappingContextCustomizer@0, org.springframework.boot.test.autoconfigure.web.servlet.WebDriverContextCustomizerFactory$Customizer@165ca9e1, org.springframework.boot.test.context.filter.ExcludeFilterContextCustomizer@cdefc61, org.springframework.boot.test.json.DuplicateJsonObjectContextCustomizerFactory$DuplicateJsonObjectContextCustomizer@c68b6d6, org.springframework.boot.test.mock.mockito.MockitoContextCustomizer@0, org.springframework.boot.test.web.client.TestRestTemplateContextCustomizer@33f6cabf], resourceBasePath = 'src/main/webapp', contextLoader = 'org.springframework.boot.test.context.SpringBootContextLoader', parent = [null]]]
2020-07-22 15:26:35.964 DEBUG 6739 --- [    Test worker] org.springframework.test.context.cache   : Spring test ApplicationContext cache statistics: [DefaultContextCache@e42a63e size = 1, maxSize = 32, parentContextCount = 0, hitCount = 9, missCount = 1]
2020-07-22 15:26:35.967 DEBUG 6739 --- [    Test worker] c.DefaultCacheAwareContextLoaderDelegate : Retrieved ApplicationContext [1994615603] from cache with key [[WebMergedContextConfiguration@130266c7 testClass = Teeeee, locations = '{}', classes = '{class com.allstars.pudge.Application, class com.allstars.pudge.Application}', contextInitializerClasses = '[]', activeProfiles = '{}', propertySourceLocations = '{}', propertySourceProperties = '{org.springframework.boot.test.context.SpringBootTestContextBootstrapper=true}', contextCustomizers = set[org.springframework.boot.test.autoconfigure.properties.PropertyMappingContextCustomizer@0, org.springframework.boot.test.autoconfigure.web.servlet.WebDriverContextCustomizerFactory$Customizer@165ca9e1, org.springframework.boot.test.context.filter.ExcludeFilterContextCustomizer@cdefc61, org.springframework.boot.test.json.DuplicateJsonObjectContextCustomizerFactory$DuplicateJsonObjectContextCustomizer@c68b6d6, org.springframework.boot.test.mock.mockito.MockitoContextCustomizer@0, org.springframework.boot.test.web.client.TestRestTemplateContextCustomizer@33f6cabf], resourceBasePath = 'src/main/webapp', contextLoader = 'org.springframework.boot.test.context.SpringBootContextLoader', parent = [null]]]
2020-07-22 15:26:35.967 DEBUG 6739 --- [    Test worker] org.springframework.test.context.cache   : Spring test ApplicationContext cache statistics: [DefaultContextCache@e42a63e size = 1, maxSize = 32, parentContextCount = 0, hitCount = 10, missCount = 1]
2020-07-22 15:26:35.970 DEBUG 6739 --- [    Test worker] c.DefaultCacheAwareContextLoaderDelegate : Retrieved ApplicationContext [1994615603] from cache with key [[WebMergedContextConfiguration@130266c7 testClass = Teeeee, locations = '{}', classes = '{class com.allstars.pudge.Application, class com.allstars.pudge.Application}', contextInitializerClasses = '[]', activeProfiles = '{}', propertySourceLocations = '{}', propertySourceProperties = '{org.springframework.boot.test.context.SpringBootTestContextBootstrapper=true}', contextCustomizers = set[org.springframework.boot.test.autoconfigure.properties.PropertyMappingContextCustomizer@0, org.springframework.boot.test.autoconfigure.web.servlet.WebDriverContextCustomizerFactory$Customizer@165ca9e1, org.springframework.boot.test.context.filter.ExcludeFilterContextCustomizer@cdefc61, org.springframework.boot.test.json.DuplicateJsonObjectContextCustomizerFactory$DuplicateJsonObjectContextCustomizer@c68b6d6, org.springframework.boot.test.mock.mockito.MockitoContextCustomizer@0, org.springframework.boot.test.web.client.TestRestTemplateContextCustomizer@33f6cabf], resourceBasePath = 'src/main/webapp', contextLoader = 'org.springframework.boot.test.context.SpringBootContextLoader', parent = [null]]]
2020-07-22 15:26:35.971 DEBUG 6739 --- [    Test worker] org.springframework.test.context.cache   : Spring test ApplicationContext cache statistics: [DefaultContextCache@e42a63e size = 1, maxSize = 32, parentContextCount = 0, hitCount = 11, missCount = 1]
2020-07-22 15:26:35.972 DEBUG 6739 --- [    Test worker] tractDirtiesContextTestExecutionListener : After test method: context [DefaultTestContext@3a936445 testClass = Teeeee, testInstance = com.example.demo.Teeeee@20b4c87e, testMethod = testExample@Teeeee, testException = [null], mergedContextConfiguration = [WebMergedContextConfiguration@130266c7 testClass = Teeeee, locations = '{}', classes = '{class com.allstars.pudge.Application, class com.allstars.pudge.Application}', contextInitializerClasses = '[]', activeProfiles = '{}', propertySourceLocations = '{}', propertySourceProperties = '{org.springframework.boot.test.context.SpringBootTestContextBootstrapper=true}', contextCustomizers = set[org.springframework.boot.test.autoconfigure.properties.PropertyMappingContextCustomizer@0, org.springframework.boot.test.autoconfigure.web.servlet.WebDriverContextCustomizerFactory$Customizer@165ca9e1, org.springframework.boot.test.context.filter.ExcludeFilterContextCustomizer@cdefc61, org.springframework.boot.test.json.DuplicateJsonObjectContextCustomizerFactory$DuplicateJsonObjectContextCustomizer@c68b6d6, org.springframework.boot.test.mock.mockito.MockitoContextCustomizer@0, org.springframework.boot.test.web.client.TestRestTemplateContextCustomizer@33f6cabf], resourceBasePath = 'src/main/webapp', contextLoader = 'org.springframework.boot.test.context.SpringBootContextLoader', parent = [null]], attributes = map['org.springframework.test.context.web.ServletTestExecutionListener.activateListener' -> true, 'org.springframework.test.context.web.ServletTestExecutionListener.populatedRequestContextHolder' -> true, 'org.springframework.test.context.web.ServletTestExecutionListener.resetRequestContextHolder' -> true]], class annotated with @DirtiesContext [false] with mode [null], method annotated with @DirtiesContext [false] with mode [null].
2020-07-22 15:26:35.973 DEBUG 6739 --- [    Test worker] o.s.t.c.w.ServletTestExecutionListener   : Resetting RequestContextHolder for test context [DefaultTestContext@3a936445 testClass = Teeeee, testInstance = com.example.demo.Teeeee@20b4c87e, testMethod = testExample@Teeeee, testException = [null], mergedContextConfiguration = [WebMergedContextConfiguration@130266c7 testClass = Teeeee, locations = '{}', classes = '{class com.allstars.pudge.Application, class com.allstars.pudge.Application}', contextInitializerClasses = '[]', activeProfiles = '{}', propertySourceLocations = '{}', propertySourceProperties = '{org.springframework.boot.test.context.SpringBootTestContextBootstrapper=true}', contextCustomizers = set[org.springframework.boot.test.autoconfigure.properties.PropertyMappingContextCustomizer@0, org.springframework.boot.test.autoconfigure.web.servlet.WebDriverContextCustomizerFactory$Customizer@165ca9e1, org.springframework.boot.test.context.filter.ExcludeFilterContextCustomizer@cdefc61, org.springframework.boot.test.json.DuplicateJsonObjectContextCustomizerFactory$DuplicateJsonObjectContextCustomizer@c68b6d6, org.springframework.boot.test.mock.mockito.MockitoContextCustomizer@0, org.springframework.boot.test.web.client.TestRestTemplateContextCustomizer@33f6cabf], resourceBasePath = 'src/main/webapp', contextLoader = 'org.springframework.boot.test.context.SpringBootContextLoader', parent = [null]], attributes = map['org.springframework.test.context.web.ServletTestExecutionListener.activateListener' -> true, 'org.springframework.test.context.web.ServletTestExecutionListener.populatedRequestContextHolder' -> true, 'org.springframework.test.context.web.ServletTestExecutionListener.resetRequestContextHolder' -> true]].
2020-07-22 15:26:35.982 DEBUG 6739 --- [    Test worker] c.DefaultCacheAwareContextLoaderDelegate : Retrieved ApplicationContext [1994615603] from cache with key [[WebMergedContextConfiguration@130266c7 testClass = Teeeee, locations = '{}', classes = '{class com.allstars.pudge.Application, class com.allstars.pudge.Application}', contextInitializerClasses = '[]', activeProfiles = '{}', propertySourceLocations = '{}', propertySourceProperties = '{org.springframework.boot.test.context.SpringBootTestContextBootstrapper=true}', contextCustomizers = set[org.springframework.boot.test.autoconfigure.properties.PropertyMappingContextCustomizer@0, org.springframework.boot.test.autoconfigure.web.servlet.WebDriverContextCustomizerFactory$Customizer@165ca9e1, org.springframework.boot.test.context.filter.ExcludeFilterContextCustomizer@cdefc61, org.springframework.boot.test.json.DuplicateJsonObjectContextCustomizerFactory$DuplicateJsonObjectContextCustomizer@c68b6d6, org.springframework.boot.test.mock.mockito.MockitoContextCustomizer@0, org.springframework.boot.test.web.client.TestRestTemplateContextCustomizer@33f6cabf], resourceBasePath = 'src/main/webapp', contextLoader = 'org.springframework.boot.test.context.SpringBootContextLoader', parent = [null]]]
2020-07-22 15:26:35.982 DEBUG 6739 --- [    Test worker] org.springframework.test.context.cache   : Spring test ApplicationContext cache statistics: [DefaultContextCache@e42a63e size = 1, maxSize = 32, parentContextCount = 0, hitCount = 12, missCount = 1]
2020-07-22 15:26:35.983 DEBUG 6739 --- [    Test worker] tractDirtiesContextTestExecutionListener : After test class: context [DefaultTestContext@3a936445 testClass = Teeeee, testInstance = [null], testMethod = [null], testException = [null], mergedContextConfiguration = [WebMergedContextConfiguration@130266c7 testClass = Teeeee, locations = '{}', classes = '{class com.allstars.pudge.Application, class com.allstars.pudge.Application}', contextInitializerClasses = '[]', activeProfiles = '{}', propertySourceLocations = '{}', propertySourceProperties = '{org.springframework.boot.test.context.SpringBootTestContextBootstrapper=true}', contextCustomizers = set[org.springframework.boot.test.autoconfigure.properties.PropertyMappingContextCustomizer@0, org.springframework.boot.test.autoconfigure.web.servlet.WebDriverContextCustomizerFactory$Customizer@165ca9e1, org.springframework.boot.test.context.filter.ExcludeFilterContextCustomizer@cdefc61, org.springframework.boot.test.json.DuplicateJsonObjectContextCustomizerFactory$DuplicateJsonObjectContextCustomizer@c68b6d6, org.springframework.boot.test.mock.mockito.MockitoContextCustomizer@0, org.springframework.boot.test.web.client.TestRestTemplateContextCustomizer@33f6cabf], resourceBasePath = 'src/main/webapp', contextLoader = 'org.springframework.boot.test.context.SpringBootContextLoader', parent = [null]], attributes = map['org.springframework.test.context.web.ServletTestExecutionListener.activateListener' -> true, 'org.springframework.test.context.support.DependencyInjectionTestExecutionListener.reinjectDependencies' -> true]], class annotated with @DirtiesContext [false] with mode [null].
]]></system-out>
  <system-err><![CDATA[]]></system-err>
</testsuite>
